#
# A fatal error has been detected by the Java Runtime Environment:
#
#  SIGBUS (0xa) at pc=0x0000000101ccae92, pid=42320, tid=0x0000000000000e03
#
# JRE version: Java(TM) SE Runtime Environment (8.0_112-b16) (build 1.8.0_112-b16)
# Java VM: Java HotSpot(TM) 64-Bit Server VM (25.112-b16 mixed mode bsd-amd64 compressed oops)
# Problematic frame:
# C  [libzip.dylib+0x2e92]  newEntry+0x154
#
# Failed to write core dump. Core dumps have been disabled. To enable core dumping, try "ulimit -c unlimited" before starting Java again
#
# If you would like to submit a bug report, please visit:
#   http://bugreport.java.com/bugreport/crash.jsp
# The crash happened outside the Java Virtual Machine in native code.
# See problematic frame for where to report the bug.
#

---------------  T H R E A D  ---------------

Current thread (0x00007fc732809000):  JavaThread "main" [_thread_in_native, id=3587, stack(0x000070000e340000,0x000070000e440000)]

siginfo: si_signo: 10 (SIGBUS), si_code: 2 (BUS_ADRERR), si_addr: 0x0000000102306a32

Registers:
RAX=0x00007fc73380c500, RBX=0x0000000102306a26, RCX=0x0000000000000000, RDX=0x00007fc733800000
RSP=0x000070000e43d1d0, RBP=0x000070000e43d230, RSI=0x0000000000100000, RDI=0x00000000000000ab
R8 =0x0000000000000ab0, R9 =0x0000000000000ab4, R10=0x00000000fff0ffff, R11=0x00006ff8a365e5c6
R12=0x00007fc734013e00, R13=0x00000000000002b0, R14=0x0000000041d31a14, R15=0x00007fc731f1acf0
RIP=0x0000000101ccae92, EFLAGS=0x0000000000010202, ERR=0x0000000000000004
  TRAPNO=0x000000000000000e

Top of Stack: (sp=0x000070000e43d1d0)
0x000070000e43d1d0:   000070000e43d310 0000000000de0ed6
0x000070000e43d1e0:   00007fc732809000 000000076ab57948
0x000070000e43d1f0:   000070000e43d210 00007fc73380c500
0x000070000e43d200:   00007fc73380eb70 00007fc73380c500
0x000070000e43d210:   00007fc734013e00 00000000000002b0
0x000070000e43d220:   0000000041d31a14 00007fc731f1acf0
0x000070000e43d230:   000070000e43d290 0000000101ccb52d
0x000070000e43d240:   000070000e43d2d2 000070000e43d2d1
0x000070000e43d250:   0000002200000000 0000002301809000
0x000070000e43d260:   000070000e43d2ae 000070000e43d780
0x000070000e43d270:   0000000000000023 000070000e43d2ae
0x000070000e43d280:   00007fc73380c500 00007fc7328091f8
0x000070000e43d290:   000070000e43d6e0 0000000101cca238
0x000070000e43d2a0:   000000011ed5bf28 6f69000100000001
0x000070000e43d2b0:   6265776e6f736a2f 65732f6e656b6f74
0x000070000e43d2c0:   4b2f797469727563 73616c632e737965
0x000070000e43d2d0:   000070000e430073 0000000000000000
0x000070000e43d2e0:   00007fc732809000 000000011ed5bf28
0x000070000e43d2f0:   00007fc731e0ca20 0000000000000280
0x000070000e43d300:   00007fc71ee3e9d8 000070000e43d410
0x000070000e43d310:   000070000e43d390 0000000100cc8114
0x000070000e43d320:   00007fc732809000 00000001011697e7
0x000070000e43d330:   00000003ffffffff 000000011ed5bf28
0x000070000e43d340:   00007fc732809000 000000011ed5bf28
0x000070000e43d350:   00007fc732809000 000000011ef41708
0x000070000e43d360:   000000011ed5bf28 0000000000000003
0x000070000e43d370:   000000011ed5bf28 0000000100cc7fa0
0x000070000e43d380:   000070000e43d4c0 00007fc731e0ca20
0x000070000e43d390:   000070000e43d480 0000000101128f34
0x000070000e43d3a0:   00007fc732809000 ffffffff80000000
0x000070000e43d3b0:   000000011ed5bf28 00007fc732809000
0x000070000e43d3c0:   000070001ef416e8 0000000100cc86e7 

Instructions: (pc=0x0000000101ccae92)
0x0000000101ccae72:   49 8b 7f 38 e8 5b 1b 00 00 4d 89 77 38 49 89 5f
0x0000000101ccae82:   40 4c 89 f0 48 85 c0 0f 84 11 05 00 00 48 89 c3
0x0000000101ccae92:   0f b6 43 0c 0f b6 4b 0d 48 c1 e1 08 48 01 c1 0f
0x0000000101ccaea2:   b6 43 0e 0f b6 53 0f 48 c1 e2 08 48 01 c2 48 c1 

Register to memory mapping:

RAX=0x00007fc73380c500 is an unknown value
RBX=0x0000000102306a26 is an unknown value
RCX=0x0000000000000000 is an unknown value
RDX=0x00007fc733800000 is an unknown value
RSP=0x000070000e43d1d0 is pointing into the stack for thread: 0x00007fc732809000
RBP=0x000070000e43d230 is pointing into the stack for thread: 0x00007fc732809000
RSI=0x0000000000100000 is an unknown value
RDI=0x00000000000000ab is an unknown value
R8 =0x0000000000000ab0 is an unknown value
R9 =0x0000000000000ab4 is an unknown value
R10=0x00000000fff0ffff is an unknown value
R11=0x00006ff8a365e5c6 is an unknown value
R12=0x00007fc734013e00 is an unknown value
R13=0x00000000000002b0 is an unknown value
R14=0x0000000041d31a14 is an unknown value
R15=0x00007fc731f1acf0 is an unknown value


Stack: [0x000070000e340000,0x000070000e440000],  sp=0x000070000e43d1d0,  free space=1012k
Native frames: (J=compiled Java code, j=interpreted, Vv=VM code, C=native code)
C  [libzip.dylib+0x2e92]  newEntry+0x154
C  [libzip.dylib+0x352d]  ZIP_GetEntry2+0xd4
C  [libzip.dylib+0x2238]  Java_java_util_zip_ZipFile_getEntry+0xcf
j  java.util.zip.ZipFile.getEntry(J[BZ)J+0
j  java.util.zip.ZipFile.getEntry(Ljava/lang/String;)Ljava/util/zip/ZipEntry;+38
j  java.util.jar.JarFile.getEntry(Ljava/lang/String;)Ljava/util/zip/ZipEntry;+2
j  java.util.jar.JarFile.getJarEntry(Ljava/lang/String;)Ljava/util/jar/JarEntry;+2
j  sun.misc.URLClassPath$JarLoader.getResource(Ljava/lang/String;Z)Lsun/misc/Resource;+42
j  sun.misc.URLClassPath.getResource(Ljava/lang/String;Z)Lsun/misc/Resource;+62
j  java.net.URLClassLoader$1.run()Ljava/lang/Class;+26
j  java.net.URLClassLoader$1.run()Ljava/lang/Object;+1
v  ~StubRoutines::call_stub
V  [libjvm.dylib+0x2edbd2]
V  [libjvm.dylib+0x34e310]
j  java.security.AccessController.doPrivileged(Ljava/security/PrivilegedExceptionAction;Ljava/security/AccessControlContext;)Ljava/lang/Object;+0
j  java.net.URLClassLoader.findClass(Ljava/lang/String;)Ljava/lang/Class;+13
j  java.lang.ClassLoader.loadClass(Ljava/lang/String;Z)Ljava/lang/Class;+70
j  sun.misc.Launcher$AppClassLoader.loadClass(Ljava/lang/String;Z)Ljava/lang/Class;+81
j  java.lang.ClassLoader.loadClass(Ljava/lang/String;)Ljava/lang/Class;+3
v  ~StubRoutines::call_stub
V  [libjvm.dylib+0x2edbd2]
V  [libjvm.dylib+0x2ee360]
V  [libjvm.dylib+0x2ee4b8]
V  [libjvm.dylib+0x53c1b6]
V  [libjvm.dylib+0x53b97e]
V  [libjvm.dylib+0x53c3d2]
V  [libjvm.dylib+0x53ca85]
V  [libjvm.dylib+0x1e2b7e]
V  [libjvm.dylib+0x1f2f8e]
V  [libjvm.dylib+0x3cb42a]
V  [libjvm.dylib+0x3cea52]
V  [libjvm.dylib+0x3ceb77]
V  [libjvm.dylib+0x2e7ffd]
j  main.java.jwt.JWT.main([Ljava/lang/String;)V+7
v  ~StubRoutines::call_stub
V  [libjvm.dylib+0x2edbd2]
V  [libjvm.dylib+0x3249ca]
V  [libjvm.dylib+0x31d741]
C  [java+0x3931]  JavaMain+0x9c4
C  [libsystem_pthread.dylib+0x6950]  _pthread_start+0xe0
C  [libsystem_pthread.dylib+0x247b]  thread_start+0xf
C  0x0000000000000000

Java frames: (J=compiled Java code, j=interpreted, Vv=VM code)
j  java.util.zip.ZipFile.getEntry(J[BZ)J+0
j  java.util.zip.ZipFile.getEntry(Ljava/lang/String;)Ljava/util/zip/ZipEntry;+38
j  java.util.jar.JarFile.getEntry(Ljava/lang/String;)Ljava/util/zip/ZipEntry;+2
j  java.util.jar.JarFile.getJarEntry(Ljava/lang/String;)Ljava/util/jar/JarEntry;+2
j  sun.misc.URLClassPath$JarLoader.getResource(Ljava/lang/String;Z)Lsun/misc/Resource;+42
j  sun.misc.URLClassPath.getResource(Ljava/lang/String;Z)Lsun/misc/Resource;+62
j  java.net.URLClassLoader$1.run()Ljava/lang/Class;+26
j  java.net.URLClassLoader$1.run()Ljava/lang/Object;+1
v  ~StubRoutines::call_stub
j  java.security.AccessController.doPrivileged(Ljava/security/PrivilegedExceptionAction;Ljava/security/AccessControlContext;)Ljava/lang/Object;+0
j  java.net.URLClassLoader.findClass(Ljava/lang/String;)Ljava/lang/Class;+13
j  java.lang.ClassLoader.loadClass(Ljava/lang/String;Z)Ljava/lang/Class;+70
j  sun.misc.Launcher$AppClassLoader.loadClass(Ljava/lang/String;Z)Ljava/lang/Class;+81
j  java.lang.ClassLoader.loadClass(Ljava/lang/String;)Ljava/lang/Class;+3
v  ~StubRoutines::call_stub
j  main.java.jwt.JWT.main([Ljava/lang/String;)V+7
v  ~StubRoutines::call_stub

---------------  P R O C E S S  ---------------

Java Threads: ( => current thread )
  0x00007fc73700a800 JavaThread "Service Thread" daemon [_thread_blocked, id=42243, stack(0x000070000f882000,0x000070000f982000)]
  0x00007fc73302a800 JavaThread "C1 CompilerThread3" daemon [_thread_blocked, id=42755, stack(0x000070000f77f000,0x000070000f87f000)]
  0x00007fc732836000 JavaThread "C2 CompilerThread2" daemon [_thread_blocked, id=43267, stack(0x000070000f67c000,0x000070000f77c000)]
  0x00007fc734038800 JavaThread "C2 CompilerThread1" daemon [_thread_blocked, id=16387, stack(0x000070000f579000,0x000070000f679000)]
  0x00007fc734037800 JavaThread "C2 CompilerThread0" daemon [_thread_blocked, id=16131, stack(0x000070000f476000,0x000070000f576000)]
  0x00007fc73300e800 JavaThread "JDWP Event Helper Thread" daemon [_thread_blocked, id=15875, stack(0x000070000f270000,0x000070000f370000)]
  0x00007fc734012800 JavaThread "Signal Dispatcher" daemon [_thread_blocked, id=17667, stack(0x000070000f06a000,0x000070000f16a000)]
  0x00007fc73400c800 JavaThread "Finalizer" daemon [_thread_blocked, id=13059, stack(0x000070000ee61000,0x000070000ef61000)]
  0x00007fc736008800 JavaThread "Reference Handler" daemon [_thread_blocked, id=20483, stack(0x000070000ed5e000,0x000070000ee5e000)]
=>0x00007fc732809000 JavaThread "main" [_thread_in_native, id=3587, stack(0x000070000e340000,0x000070000e440000)]

Other Threads:
  0x00007fc732827000 VMThread [stack: 0x000070000ec5b000,0x000070000ed5b000] [id=20739]
  0x00007fc737814800 WatcherThread [stack: 0x000070000f985000,0x000070000fa85000] [id=41987]

VM state:not at safepoint (normal execution)

VM Mutex/Monitor currently owned by a thread: None

Heap:
 PSYoungGen      total 76288K, used 5243K [0x000000076ab00000, 0x0000000770000000, 0x00000007c0000000)
  eden space 65536K, 8% used [0x000000076ab00000,0x000000076b01efa8,0x000000076eb00000)
  from space 10752K, 0% used [0x000000076f580000,0x000000076f580000,0x0000000770000000)
  to   space 10752K, 0% used [0x000000076eb00000,0x000000076eb00000,0x000000076f580000)
 ParOldGen       total 175104K, used 0K [0x00000006c0000000, 0x00000006cab00000, 0x000000076ab00000)
  object space 175104K, 0% used [0x00000006c0000000,0x00000006c0000000,0x00000006cab00000)
 Metaspace       used 3127K, capacity 4556K, committed 4864K, reserved 1056768K
  class space    used 336K, capacity 392K, committed 512K, reserved 1048576K

Card table byte_map: [0x0000000115800000,0x0000000116001000] byte_map_base: 0x0000000112200000

Marking Bits: (ParMarkBitMap*) 0x0000000101517d30
 Begin Bits: [0x0000000116557000, 0x000000011a557000)
 End Bits:   [0x000000011a557000, 0x000000011e557000)

Polling page: 0x0000000101c0c000

CodeCache: size=245760Kb used=1105Kb max_used=1105Kb free=244654Kb
 bounds [0x0000000106800000, 0x0000000106a70000, 0x0000000115800000]
 total_blobs=260 nmethods=26 adapters=157
 compilation: enabled

Compilation events (10 events):
Event: 0.119 Thread 0x00007fc73302a800 nmethod 21 0x0000000106912790 code [0x0000000106912900, 0x0000000106912b30]
Event: 0.119 Thread 0x00007fc73302a800   23       3       java.util.concurrent.ConcurrentHashMap::setTabAt (19 bytes)
Event: 0.119 Thread 0x00007fc73302a800 nmethod 23 0x0000000106912bd0 code [0x0000000106912d20, 0x0000000106912e90]
Event: 0.119 Thread 0x00007fc73302a800   20       3       java.lang.String::<init> (82 bytes)
Event: 0.120 Thread 0x00007fc73302a800 nmethod 20 0x0000000106912f10 code [0x0000000106913100, 0x0000000106913638]
Event: 27.620 Thread 0x00007fc73302a800   24       3       com.sun.org.apache.xerces.internal.impl.dv.util.Base64::isWhiteSpace (30 bytes)
Event: 27.620 Thread 0x00007fc73302a800 nmethod 24 0x0000000106913950 code [0x0000000106913ac0, 0x0000000106913cf0]
Event: 27.620 Thread 0x00007fc73302a800   25       3       com.sun.org.apache.xerces.internal.impl.dv.util.Base64::isData (22 bytes)
Event: 27.621 Thread 0x00007fc73302a800 nmethod 25 0x0000000106913d50 code [0x0000000106913ec0, 0x00000001069140b0]
Event: 27.621 Thread 0x00007fc73302a800   26       3       java.lang.String::startsWith (7 bytes)

GC Heap History (0 events):
No events

Deoptimization events (0 events):
No events

Internal exceptions (2 events):
Event: 0.030 Thread 0x00007fc732809000 Exception <a 'java/lang/NoSuchMethodError': Method sun.misc.Unsafe.defineClass(Ljava/lang/String;[BII)Ljava/lang/Class; name or signature does not match> (0x000000076ab07c78) thrown at [/Users/java_re/workspace/8-2-build-macosx-x86_64/jdk8u112/7935/hotspo
Event: 0.030 Thread 0x00007fc732809000 Exception <a 'java/lang/NoSuchMethodError': Method sun.misc.Unsafe.prefetchRead(Ljava/lang/Object;J)V name or signature does not match> (0x000000076ab07f60) thrown at [/Users/java_re/workspace/8-2-build-macosx-x86_64/jdk8u112/7935/hotspot/src/share/vm/pri

Events (10 events):
Event: 27.619 Executing VM operation: ChangeBreakpoints done
Event: 27.620 Executing VM operation: ChangeBreakpoints
Event: 27.620 Executing VM operation: ChangeBreakpoints done
Event: 27.620 Executing VM operation: ChangeBreakpoints
Event: 27.620 Executing VM operation: ChangeBreakpoints done
Event: 27.620 Executing VM operation: ChangeBreakpoints
Event: 27.620 Executing VM operation: ChangeBreakpoints done
Event: 27.620 Thread 0x00007fc733029000 Thread exited: 0x00007fc733029000
Event: 27.620 loading class io/jsonwebtoken/security/Keys
Event: 27.620 loading class io/jsonwebtoken/security/Keys done


Dynamic libraries:
0x0000000000058000 	/System/Library/Frameworks/Cocoa.framework/Versions/A/Cocoa
0x0000000000058000 	/System/Library/Frameworks/Security.framework/Versions/A/Security
0x0000000000058000 	/System/Library/Frameworks/ApplicationServices.framework/Versions/A/ApplicationServices
0x0000000000058000 	/usr/lib/libz.1.dylib
0x0000000000058000 	/usr/lib/libSystem.B.dylib
0x0000000000058000 	/usr/lib/libobjc.A.dylib
0x0000000000058000 	/System/Library/Frameworks/CoreFoundation.framework/Versions/A/CoreFoundation
0x0000000000058000 	/System/Library/Frameworks/Foundation.framework/Versions/C/Foundation
0x0000000000058000 	/System/Library/Frameworks/AppKit.framework/Versions/C/AppKit
0x0000000000058000 	/System/Library/Frameworks/CoreData.framework/Versions/A/CoreData
0x0000000000058000 	/System/Library/PrivateFrameworks/UIFoundation.framework/Versions/A/UIFoundation
0x0000000000058000 	/System/Library/PrivateFrameworks/RemoteViewServices.framework/Versions/A/RemoteViewServices
0x0000000000058000 	/System/Library/PrivateFrameworks/XCTTargetBootstrap.framework/Versions/A/XCTTargetBootstrap
0x0000000000058000 	/usr/lib/libspindump.dylib
0x0000000000058000 	/System/Library/Frameworks/UniformTypeIdentifiers.framework/Versions/A/UniformTypeIdentifiers
0x0000000000058000 	/usr/lib/libapp_launch_measurement.dylib
0x0000000000058000 	/System/Library/PrivateFrameworks/CoreAutoLayout.framework/Versions/A/CoreAutoLayout
0x0000000000058000 	/System/Library/Frameworks/Metal.framework/Versions/A/Metal
0x0000000000058000 	/usr/lib/liblangid.dylib
0x0000000000058000 	/System/Library/PrivateFrameworks/CoreSVG.framework/Versions/A/CoreSVG
0x0000000000058000 	/System/Library/PrivateFrameworks/SkyLight.framework/Versions/A/SkyLight
0x0000000000058000 	/System/Library/Frameworks/CoreGraphics.framework/Versions/A/CoreGraphics
0x0000000000058000 	/System/Library/Frameworks/Accelerate.framework/Versions/A/Accelerate
0x0000000000058000 	/System/Library/PrivateFrameworks/IconServices.framework/Versions/A/IconServices
0x0000000000058000 	/System/Library/Frameworks/IOSurface.framework/Versions/A/IOSurface
0x0000000000058000 	/usr/lib/libDiagnosticMessagesClient.dylib
0x0000000000058000 	/System/Library/PrivateFrameworks/DFRFoundation.framework/Versions/A/DFRFoundation
0x0000000000058000 	/usr/lib/libicucore.A.dylib
0x0000000000058000 	/System/Library/Frameworks/AudioToolbox.framework/Versions/A/AudioToolbox
0x0000000000058000 	/System/Library/PrivateFrameworks/DataDetectorsCore.framework/Versions/A/DataDetectorsCore
0x0000000000058000 	/System/Library/Frameworks/Carbon.framework/Versions/A/Frameworks/HIToolbox.framework/Versions/A/HIToolbox
0x0000000000058000 	/System/Library/Frameworks/QuartzCore.framework/Versions/A/QuartzCore
0x0000000000058000 	/System/Library/Frameworks/Carbon.framework/Versions/A/Frameworks/SpeechRecognition.framework/Versions/A/SpeechRecognition
0x0000000000058000 	/System/Library/PrivateFrameworks/CoreUI.framework/Versions/A/CoreUI
0x0000000000058000 	/System/Library/Frameworks/CoreAudio.framework/Versions/A/CoreAudio
0x0000000000058000 	/System/Library/Frameworks/DiskArbitration.framework/Versions/A/DiskArbitration
0x0000000000058000 	/System/Library/PrivateFrameworks/MultitouchSupport.framework/Versions/A/MultitouchSupport
0x0000000000058000 	/System/Library/PrivateFrameworks/InternationalSupport.framework/Versions/A/InternationalSupport
0x0000000000058000 	/usr/lib/libenergytrace.dylib
0x0000000000058000 	/System/Library/Frameworks/IOKit.framework/Versions/A/IOKit
0x0000000000058000 	/System/Library/Frameworks/CoreServices.framework/Versions/A/CoreServices
0x0000000000058000 	/System/Library/PrivateFrameworks/PerformanceAnalysis.framework/Versions/A/PerformanceAnalysis
0x0000000000058000 	/System/Library/Frameworks/OpenGL.framework/Versions/A/OpenGL
0x0000000000058000 	/System/Library/PrivateFrameworks/UserActivity.framework/Versions/A/UserActivity
0x0000000000058000 	/System/Library/Frameworks/ColorSync.framework/Versions/A/ColorSync
0x0000000000058000 	/System/Library/Frameworks/CoreImage.framework/Versions/A/CoreImage
0x0000000000058000 	/System/Library/Frameworks/CoreText.framework/Versions/A/CoreText
0x0000000000058000 	/System/Library/Frameworks/ImageIO.framework/Versions/A/ImageIO
0x0000000000058000 	/System/Library/PrivateFrameworks/SoftLinking.framework/Versions/A/SoftLinking
0x0000000000058000 	/usr/lib/libxml2.2.dylib
0x0000000000058000 	/usr/lib/libc++.1.dylib
0x0000000000058000 	/usr/lib/libcompression.dylib
0x0000000000058000 	/usr/lib/libMobileGestalt.dylib
0x0000000000058000 	/System/Library/PrivateFrameworks/TextureIO.framework/Versions/A/TextureIO
0x0000000000058000 	/usr/lib/libate.dylib
0x0000000000058000 	/usr/lib/system/libcache.dylib
0x0000000000058000 	/usr/lib/system/libcommonCrypto.dylib
0x0000000000058000 	/usr/lib/system/libcompiler_rt.dylib
0x0000000000058000 	/usr/lib/system/libcopyfile.dylib
0x0000000000058000 	/usr/lib/system/libcorecrypto.dylib
0x0000000000058000 	/usr/lib/system/libdispatch.dylib
0x0000000000058000 	/usr/lib/system/libdyld.dylib
0x0000000000058000 	/usr/lib/system/libkeymgr.dylib
0x0000000000058000 	/usr/lib/system/liblaunch.dylib
0x0000000000058000 	/usr/lib/system/libmacho.dylib
0x0000000000058000 	/usr/lib/system/libquarantine.dylib
0x0000000000058000 	/usr/lib/system/libremovefile.dylib
0x0000000000058000 	/usr/lib/system/libsystem_asl.dylib
0x0000000000058000 	/usr/lib/system/libsystem_blocks.dylib
0x0000000000058000 	/usr/lib/system/libsystem_c.dylib
0x0000000000058000 	/usr/lib/system/libsystem_collections.dylib
0x0000000000058000 	/usr/lib/system/libsystem_configuration.dylib
0x0000000000058000 	/usr/lib/system/libsystem_containermanager.dylib
0x0000000000058000 	/usr/lib/system/libsystem_coreservices.dylib
0x0000000000058000 	/usr/lib/system/libsystem_darwin.dylib
0x0000000000058000 	/usr/lib/system/libsystem_dnssd.dylib
0x0000000000058000 	/usr/lib/system/libsystem_featureflags.dylib
0x0000000000058000 	/usr/lib/system/libsystem_info.dylib
0x0000000000058000 	/usr/lib/system/libsystem_m.dylib
0x0000000000058000 	/usr/lib/system/libsystem_malloc.dylib
0x0000000000058000 	/usr/lib/system/libsystem_networkextension.dylib
0x0000000000058000 	/usr/lib/system/libsystem_notify.dylib
0x0000000000058000 	/usr/lib/system/libsystem_product_info_filter.dylib
0x0000000000058000 	/usr/lib/system/libsystem_sandbox.dylib
0x0000000000058000 	/usr/lib/system/libsystem_secinit.dylib
0x0000000000058000 	/usr/lib/system/libsystem_kernel.dylib
0x0000000000058000 	/usr/lib/system/libsystem_platform.dylib
0x0000000000058000 	/usr/lib/system/libsystem_pthread.dylib
0x0000000000058000 	/usr/lib/system/libsystem_symptoms.dylib
0x0000000000058000 	/usr/lib/system/libsystem_trace.dylib
0x0000000000058000 	/usr/lib/system/libunwind.dylib
0x0000000000058000 	/usr/lib/system/libxpc.dylib
0x0000000000058000 	/usr/lib/libc++abi.dylib
0x0000000000058000 	/usr/lib/liboah.dylib
0x0000000000058000 	/usr/lib/liblzma.5.dylib
0x0000000000058000 	/System/Library/Frameworks/SystemConfiguration.framework/Versions/A/SystemConfiguration
0x0000000000058000 	/usr/lib/libfakelink.dylib
0x0000000000058000 	/System/Library/Frameworks/CFNetwork.framework/Versions/A/CFNetwork
0x0000000000058000 	/usr/lib/libarchive.2.dylib
0x0000000000058000 	/usr/lib/libCRFSuite.dylib
0x0000000000058000 	/usr/lib/libbsm.0.dylib
0x0000000000058000 	/usr/lib/libnetwork.dylib
0x0000000000058000 	/usr/lib/libpcap.A.dylib
0x0000000000058000 	/usr/lib/libdns_services.dylib
0x0000000000058000 	/usr/lib/libcoretls_cfhelpers.dylib
0x0000000000058000 	/usr/lib/libapple_nghttp2.dylib
0x0000000000058000 	/usr/lib/system/libkxld.dylib
0x0000000000058000 	/usr/lib/libsqlite3.dylib
0x0000000000058000 	/System/Library/PrivateFrameworks/AppleFSCompression.framework/Versions/A/AppleFSCompression
0x0000000000058000 	/usr/lib/libcoretls.dylib
0x0000000000058000 	/usr/lib/libpam.2.dylib
0x0000000000058000 	/usr/lib/libxar.1.dylib
0x0000000000058000 	/System/Library/PrivateFrameworks/AppleSystemInfo.framework/Versions/A/AppleSystemInfo
0x0000000000058000 	/System/Library/PrivateFrameworks/IOMobileFramebuffer.framework/Versions/A/IOMobileFramebuffer
0x0000000000058000 	/usr/lib/libbz2.1.0.dylib
0x0000000000058000 	/usr/lib/libiconv.2.dylib
0x0000000000058000 	/usr/lib/libcharset.1.dylib
0x0000000000058000 	/System/Library/Frameworks/CoreServices.framework/Versions/A/Frameworks/FSEvents.framework/Versions/A/FSEvents
0x0000000000058000 	/System/Library/Frameworks/CoreServices.framework/Versions/A/Frameworks/CarbonCore.framework/Versions/A/CarbonCore
0x0000000000058000 	/System/Library/Frameworks/CoreServices.framework/Versions/A/Frameworks/Metadata.framework/Versions/A/Metadata
0x0000000000058000 	/System/Library/Frameworks/CoreServices.framework/Versions/A/Frameworks/OSServices.framework/Versions/A/OSServices
0x0000000000058000 	/System/Library/Frameworks/CoreServices.framework/Versions/A/Frameworks/SearchKit.framework/Versions/A/SearchKit
0x0000000000058000 	/System/Library/Frameworks/CoreServices.framework/Versions/A/Frameworks/AE.framework/Versions/A/AE
0x0000000000058000 	/System/Library/Frameworks/CoreServices.framework/Versions/A/Frameworks/LaunchServices.framework/Versions/A/LaunchServices
0x0000000000058000 	/System/Library/Frameworks/CoreServices.framework/Versions/A/Frameworks/DictionaryServices.framework/Versions/A/DictionaryServices
0x0000000000058000 	/System/Library/Frameworks/CoreServices.framework/Versions/A/Frameworks/SharedFileList.framework/Versions/A/SharedFileList
0x0000000000058000 	/usr/lib/libCheckFix.dylib
0x0000000000058000 	/System/Library/PrivateFrameworks/TCC.framework/Versions/A/TCC
0x0000000000058000 	/System/Library/PrivateFrameworks/CoreNLP.framework/Versions/A/CoreNLP
0x0000000000058000 	/System/Library/PrivateFrameworks/MetadataUtilities.framework/Versions/A/MetadataUtilities
0x0000000000058000 	/usr/lib/libmecabra.dylib
0x0000000000058000 	/System/Library/Frameworks/MLCompute.framework/Versions/A/MLCompute
0x0000000000058000 	/usr/lib/libmecab.dylib
0x0000000000058000 	/usr/lib/libgermantok.dylib
0x0000000000058000 	/usr/lib/libThaiTokenizer.dylib
0x0000000000058000 	/usr/lib/libChineseTokenizer.dylib
0x0000000000058000 	/System/Library/Frameworks/MetalPerformanceShaders.framework/Versions/A/MetalPerformanceShaders
0x0000000000058000 	/System/Library/Frameworks/Accelerate.framework/Versions/A/Frameworks/vImage.framework/Versions/A/vImage
0x0000000000058000 	/System/Library/Frameworks/Accelerate.framework/Versions/A/Frameworks/vecLib.framework/Versions/A/vecLib
0x0000000000058000 	/System/Library/Frameworks/Accelerate.framework/Versions/A/Frameworks/vecLib.framework/Versions/A/libvMisc.dylib
0x0000000000058000 	/System/Library/Frameworks/Accelerate.framework/Versions/A/Frameworks/vecLib.framework/Versions/A/libvDSP.dylib
0x0000000000058000 	/System/Library/Frameworks/Accelerate.framework/Versions/A/Frameworks/vecLib.framework/Versions/A/libBLAS.dylib
0x0000000000058000 	/System/Library/Frameworks/Accelerate.framework/Versions/A/Frameworks/vecLib.framework/Versions/A/libLAPACK.dylib
0x0000000000058000 	/System/Library/Frameworks/Accelerate.framework/Versions/A/Frameworks/vecLib.framework/Versions/A/libLinearAlgebra.dylib
0x0000000000058000 	/System/Library/Frameworks/Accelerate.framework/Versions/A/Frameworks/vecLib.framework/Versions/A/libSparseBLAS.dylib
0x0000000000058000 	/System/Library/Frameworks/Accelerate.framework/Versions/A/Frameworks/vecLib.framework/Versions/A/libQuadrature.dylib
0x0000000000058000 	/System/Library/Frameworks/Accelerate.framework/Versions/A/Frameworks/vecLib.framework/Versions/A/libBNNS.dylib
0x0000000000058000 	/System/Library/Frameworks/Accelerate.framework/Versions/A/Frameworks/vecLib.framework/Versions/A/libSparse.dylib
0x0000000000058000 	/System/Library/Frameworks/MetalPerformanceShaders.framework/Versions/A/Frameworks/MPSCore.framework/Versions/A/MPSCore
0x0000000000058000 	/System/Library/Frameworks/MetalPerformanceShaders.framework/Versions/A/Frameworks/MPSImage.framework/Versions/A/MPSImage
0x0000000000058000 	/System/Library/Frameworks/MetalPerformanceShaders.framework/Versions/A/Frameworks/MPSNeuralNetwork.framework/Versions/A/MPSNeuralNetwork
0x0000000000058000 	/System/Library/Frameworks/MetalPerformanceShaders.framework/Versions/A/Frameworks/MPSMatrix.framework/Versions/A/MPSMatrix
0x0000000000058000 	/System/Library/Frameworks/MetalPerformanceShaders.framework/Versions/A/Frameworks/MPSRayIntersector.framework/Versions/A/MPSRayIntersector
0x0000000000058000 	/System/Library/Frameworks/MetalPerformanceShaders.framework/Versions/A/Frameworks/MPSNDArray.framework/Versions/A/MPSNDArray
0x0000000000058000 	/System/Library/PrivateFrameworks/MetalTools.framework/Versions/A/MetalTools
0x0000000000058000 	/System/Library/PrivateFrameworks/AggregateDictionary.framework/Versions/A/AggregateDictionary
0x0000000000058000 	/System/Library/PrivateFrameworks/CoreAnalytics.framework/Versions/A/CoreAnalytics
0x0000000000058000 	/System/Library/PrivateFrameworks/AppleSauce.framework/Versions/A/AppleSauce
0x0000000000058000 	/System/Library/PrivateFrameworks/IOAccelerator.framework/Versions/A/IOAccelerator
0x0000000000058000 	/System/Library/Frameworks/OpenGL.framework/Versions/A/Libraries/libCoreFSCache.dylib
0x0000000000058000 	/System/Library/PrivateFrameworks/LanguageModeling.framework/Versions/A/LanguageModeling
0x0000000000058000 	/System/Library/PrivateFrameworks/CoreEmoji.framework/Versions/A/CoreEmoji
0x0000000000058000 	/System/Library/PrivateFrameworks/LinguisticData.framework/Versions/A/LinguisticData
0x0000000000058000 	/System/Library/PrivateFrameworks/Lexicon.framework/Versions/A/Lexicon
0x0000000000058000 	/usr/lib/libcmph.dylib
0x0000000000058000 	/System/Library/Frameworks/OpenDirectory.framework/Versions/A/Frameworks/CFOpenDirectory.framework/Versions/A/CFOpenDirectory
0x0000000000058000 	/System/Library/Frameworks/OpenDirectory.framework/Versions/A/OpenDirectory
0x0000000000058000 	/System/Library/PrivateFrameworks/APFS.framework/Versions/A/APFS
0x0000000000058000 	/System/Library/Frameworks/SecurityFoundation.framework/Versions/A/SecurityFoundation
0x0000000000058000 	/usr/lib/libutil.dylib
0x0000000000058000 	/System/Library/PrivateFrameworks/CoreServicesStore.framework/Versions/A/CoreServicesStore
0x0000000000058000 	/System/Library/Frameworks/ServiceManagement.framework/Versions/A/ServiceManagement
0x0000000000058000 	/usr/lib/libxslt.1.dylib
0x0000000000058000 	/System/Library/PrivateFrameworks/BackgroundTaskManagement.framework/Versions/A/BackgroundTaskManagement
0x0000000000058000 	/System/Library/Frameworks/ImageIO.framework/Versions/A/Resources/libRadiance.dylib
0x0000000000058000 	/System/Library/Frameworks/ImageIO.framework/Versions/A/Resources/libJPEG.dylib
0x0000000000058000 	/System/Library/Frameworks/ImageIO.framework/Versions/A/Resources/libPng.dylib
0x0000000000058000 	/System/Library/Frameworks/ImageIO.framework/Versions/A/Resources/libTIFF.dylib
0x0000000000058000 	/System/Library/Frameworks/ImageIO.framework/Versions/A/Resources/libGIF.dylib
0x0000000000058000 	/System/Library/Frameworks/ImageIO.framework/Versions/A/Resources/libJP2.dylib
0x0000000000058000 	/usr/lib/libexpat.1.dylib
0x0000000000058000 	/System/Library/PrivateFrameworks/AppleJPEG.framework/Versions/A/AppleJPEG
0x0000000000058000 	/System/Library/PrivateFrameworks/FontServices.framework/libFontParser.dylib
0x0000000000058000 	/System/Library/PrivateFrameworks/RunningBoardServices.framework/Versions/A/RunningBoardServices
0x0000000000058000 	/System/Library/PrivateFrameworks/WatchdogClient.framework/Versions/A/WatchdogClient
0x0000000000058000 	/System/Library/Frameworks/CoreDisplay.framework/Versions/A/CoreDisplay
0x0000000000058000 	/System/Library/Frameworks/CoreMedia.framework/Versions/A/CoreMedia
0x0000000000058000 	/System/Library/Frameworks/CoreVideo.framework/Versions/A/CoreVideo
0x0000000000058000 	/System/Library/Frameworks/VideoToolbox.framework/Versions/A/VideoToolbox
0x0000000000058000 	/System/Library/PrivateFrameworks/BaseBoard.framework/Versions/A/BaseBoard
0x0000000000058000 	/System/Library/PrivateFrameworks/PersistentConnection.framework/Versions/A/PersistentConnection
0x0000000000058000 	/System/Library/PrivateFrameworks/ProtocolBuffer.framework/Versions/A/ProtocolBuffer
0x0000000000058000 	/System/Library/PrivateFrameworks/CommonUtilities.framework/Versions/A/CommonUtilities
0x0000000000058000 	/System/Library/PrivateFrameworks/Bom.framework/Versions/A/Bom
0x0000000000058000 	/System/Library/PrivateFrameworks/GPUWrangler.framework/Versions/A/GPUWrangler
0x0000000000058000 	/System/Library/PrivateFrameworks/IOPresentment.framework/Versions/A/IOPresentment
0x0000000000058000 	/System/Library/PrivateFrameworks/DSExternalDisplay.framework/Versions/A/DSExternalDisplay
0x0000000000058000 	/System/Library/PrivateFrameworks/CMCaptureCore.framework/Versions/A/CMCaptureCore
0x0000000000058000 	/System/Library/PrivateFrameworks/AppServerSupport.framework/Versions/A/AppServerSupport
0x0000000000058000 	/System/Library/PrivateFrameworks/perfdata.framework/Versions/A/perfdata
0x0000000000058000 	/System/Library/PrivateFrameworks/AssertionServices.framework/Versions/A/AssertionServices
0x0000000000058000 	/System/Library/PrivateFrameworks/AudioToolboxCore.framework/Versions/A/AudioToolboxCore
0x0000000000058000 	/System/Library/PrivateFrameworks/caulk.framework/Versions/A/caulk
0x0000000000058000 	/System/Library/PrivateFrameworks/SystemPolicy.framework/Versions/A/SystemPolicy
0x0000000000058000 	/usr/lib/libIOReport.dylib
0x0000000000058000 	/usr/lib/libSMC.dylib
0x0000000000058000 	/usr/lib/libAudioToolboxUtility.dylib
0x0000000000058000 	/usr/lib/libmis.dylib
0x0000000000058000 	/System/Library/Frameworks/OpenGL.framework/Versions/A/Libraries/libGLU.dylib
0x0000000000058000 	/System/Library/Frameworks/OpenGL.framework/Versions/A/Libraries/libGFXShared.dylib
0x0000000000058000 	/System/Library/Frameworks/OpenGL.framework/Versions/A/Libraries/libGL.dylib
0x0000000000058000 	/System/Library/Frameworks/OpenGL.framework/Versions/A/Libraries/libGLImage.dylib
0x0000000000058000 	/System/Library/Frameworks/OpenGL.framework/Versions/A/Libraries/libCVMSPluginSupport.dylib
0x0000000000058000 	/System/Library/Frameworks/OpenGL.framework/Versions/A/Libraries/libCoreVMClient.dylib
0x0000000000058000 	/System/Library/Frameworks/OpenCL.framework/Versions/A/OpenCL
0x0000000000058000 	/System/Library/PrivateFrameworks/GraphVisualizer.framework/Versions/A/GraphVisualizer
0x0000000000058000 	/System/Library/PrivateFrameworks/FaceCore.framework/Versions/A/FaceCore
0x0000000000058000 	/System/Library/PrivateFrameworks/OTSVG.framework/Versions/A/OTSVG
0x0000000000058000 	/System/Library/Frameworks/ApplicationServices.framework/Versions/A/Frameworks/ATS.framework/Versions/A/Resources/libFontRegistry.dylib
0x0000000000058000 	/System/Library/PrivateFrameworks/FontServices.framework/libhvf.dylib
0x0000000000058000 	/System/Library/PrivateFrameworks/AppleVA.framework/Versions/A/AppleVA
0x0000000000058000 	/System/Library/Frameworks/ApplicationServices.framework/Versions/A/Frameworks/ATS.framework/Versions/A/ATS
0x0000000000058000 	/System/Library/Frameworks/ApplicationServices.framework/Versions/A/Frameworks/ColorSyncLegacy.framework/Versions/A/ColorSyncLegacy
0x0000000000058000 	/System/Library/Frameworks/ApplicationServices.framework/Versions/A/Frameworks/HIServices.framework/Versions/A/HIServices
0x0000000000058000 	/System/Library/Frameworks/ApplicationServices.framework/Versions/A/Frameworks/LangAnalysis.framework/Versions/A/LangAnalysis
0x0000000000058000 	/System/Library/Frameworks/ApplicationServices.framework/Versions/A/Frameworks/PrintCore.framework/Versions/A/PrintCore
0x0000000000058000 	/System/Library/Frameworks/ApplicationServices.framework/Versions/A/Frameworks/QD.framework/Versions/A/QD
0x0000000000058000 	/System/Library/Frameworks/ApplicationServices.framework/Versions/A/Frameworks/SpeechSynthesis.framework/Versions/A/SpeechSynthesis
0x0000000000058000 	/System/Library/Frameworks/ApplicationServices.framework/Versions/A/Frameworks/ATSUI.framework/Versions/A/ATSUI
0x0000000000058000 	/usr/lib/libcups.2.dylib
0x0000000000058000 	/System/Library/PrivateFrameworks/NetAuth.framework/Versions/A/NetAuth
0x0000000000058000 	/System/Library/Frameworks/Kerberos.framework/Versions/A/Kerberos
0x0000000000058000 	/System/Library/Frameworks/GSS.framework/Versions/A/GSS
0x0000000000058000 	/usr/lib/libresolv.9.dylib
0x0000000000058000 	/System/Library/PrivateFrameworks/Heimdal.framework/Versions/A/Heimdal
0x0000000000058000 	/System/Library/Frameworks/Kerberos.framework/Versions/A/Libraries/libHeimdalProxy.dylib
0x0000000000058000 	/System/Library/Frameworks/Network.framework/Versions/A/Network
0x0000000000058000 	/usr/lib/libheimdal-asn1.dylib
0x0000000000058000 	/System/Library/PrivateFrameworks/CommonAuth.framework/Versions/A/CommonAuth
0x0000000000058000 	/System/Library/PrivateFrameworks/login.framework/Versions/A/Frameworks/loginsupport.framework/Versions/A/loginsupport
0x0000000000058000 	/System/Library/PrivateFrameworks/AudioSession.framework/Versions/A/AudioSession
0x0000000000058000 	/usr/lib/libAudioStatistics.dylib
0x0000000000058000 	/System/Library/PrivateFrameworks/MediaExperience.framework/Versions/A/MediaExperience
0x0000000000058000 	/System/Library/PrivateFrameworks/AudioSession.framework/libSessionUtility.dylib
0x0000000000058000 	/usr/lib/libperfcheck.dylib
0x0000000000058000 	/System/Library/PrivateFrameworks/AudioResourceArbitration.framework/Versions/A/AudioResourceArbitration
0x0000000000058000 	/System/Library/PrivateFrameworks/IconFoundation.framework/Versions/A/IconFoundation
0x0000000000058000 	/System/Library/PrivateFrameworks/SpeechRecognitionCore.framework/Versions/A/SpeechRecognitionCore
0x0000000100c27000 	/Library/Java/JavaVirtualMachines/jdk1.8.0_112.jdk/Contents/Home/jre/lib/server/libjvm.dylib
0x0000000000058000 	/usr/lib/libstdc++.6.dylib
0x0000000101bc9000 	/Library/Java/JavaVirtualMachines/jdk1.8.0_112.jdk/Contents/Home/jre/lib/libverify.dylib
0x0000000101bd7000 	/Library/Java/JavaVirtualMachines/jdk1.8.0_112.jdk/Contents/Home/jre/lib/libjava.dylib
0x0000000101c0d000 	/Library/Java/JavaVirtualMachines/jdk1.8.0_112.jdk/Contents/Home/jre/lib/libjdwp.dylib
0x0000000101c58000 	/Library/Java/JavaVirtualMachines/jdk1.8.0_112.jdk/Contents/Home/jre/lib/libnpt.dylib
0x0000000101c5c000 	/Library/Java/JavaVirtualMachines/jdk1.8.0_112.jdk/Contents/Home/jre/lib/libinstrument.dylib
0x0000000101cc8000 	/Library/Java/JavaVirtualMachines/jdk1.8.0_112.jdk/Contents/Home/jre/lib/libzip.dylib
0x0000000000058000 	/System/Library/Frameworks/JavaRuntimeSupport.framework/Versions/A/JavaRuntimeSupport
0x0000000000058000 	/System/Library/Frameworks/Carbon.framework/Versions/A/Carbon
0x0000000000058000 	/System/Library/PrivateFrameworks/CoreSymbolication.framework/Versions/A/CoreSymbolication
0x0000000000058000 	/System/Library/Frameworks/Carbon.framework/Versions/A/Frameworks/CommonPanels.framework/Versions/A/CommonPanels
0x0000000000058000 	/System/Library/Frameworks/Carbon.framework/Versions/A/Frameworks/Help.framework/Versions/A/Help
0x0000000000058000 	/System/Library/Frameworks/Carbon.framework/Versions/A/Frameworks/ImageCapture.framework/Versions/A/ImageCapture
0x0000000000058000 	/System/Library/Frameworks/Carbon.framework/Versions/A/Frameworks/OpenScripting.framework/Versions/A/OpenScripting
0x0000000000058000 	/System/Library/Frameworks/Carbon.framework/Versions/A/Frameworks/Ink.framework/Versions/A/Ink
0x0000000000058000 	/System/Library/Frameworks/Carbon.framework/Versions/A/Frameworks/Print.framework/Versions/A/Print
0x0000000000058000 	/System/Library/Frameworks/Carbon.framework/Versions/A/Frameworks/SecurityHI.framework/Versions/A/SecurityHI
0x0000000000058000 	/System/Library/PrivateFrameworks/DebugSymbols.framework/Versions/A/DebugSymbols
0x00000001022fe000 	/Library/Java/JavaVirtualMachines/jdk1.8.0_112.jdk/Contents/Home/jre/lib/libdt_socket.dylib

VM Arguments:
jvm_args: -agentlib:jdwp=transport=dt_socket,address=127.0.0.1:53819,suspend=y,server=n -javaagent:/Users/oscardom/Library/Caches/JetBrains/IntelliJIdea2020.2/captureAgent/debugger-agent.jar -Dfile.encoding=UTF-8 
java_command: /Users/oscardom/dev/jwt-java/target/jwt-auth-0.1.0.jar
java_class_path (initial): /Users/oscardom/dev/jwt-java/target/jwt-auth-0.1.0.jar:/Users/oscardom/Library/Caches/JetBrains/IntelliJIdea2020.2/captureAgent/debugger-agent.jar
Launcher Type: SUN_STANDARD

Environment Variables:
JAVA_HOME=/Library/Java/JavaVirtualMachines/jdk1.8.0_112.jdk/Contents/Home
PATH=/Users/oscardom/MarfeelXP/Jinks/bin:/Users/oscardom/MarfeelXP/Jinks/src/com/marfeel/jinks:/Users/oscardom/MarfeelXP/Jinks/src/com/marfeel/boby:/Users/oscardom/MarfeelXP/Jinks/bin:/Users/oscardom/MarfeelXP/Jinks/src/com/marfeel/jinks:/Users/oscardom/MarfeelXP/Jinks/src/com/marfeel/boby:/usr/local/bin:/usr/bin:/bin:/usr/sbin:/sbin
SHELL=/bin/zsh

Signal Handlers:
SIGSEGV: [libjvm.dylib+0x5b11a5], sa_mask[0]=11111111011111110111111111111111, sa_flags=SA_ONSTACK|SA_RESTART|SA_SIGINFO
SIGBUS: [libjvm.dylib+0x5b11a5], sa_mask[0]=11111111011111110111111111111111, sa_flags=SA_RESTART|SA_SIGINFO
SIGFPE: [libjvm.dylib+0x487dc0], sa_mask[0]=11111111011111110111111111111111, sa_flags=SA_RESTART|SA_SIGINFO
SIGPIPE: [libjvm.dylib+0x487dc0], sa_mask[0]=11111111011111110111111111111111, sa_flags=SA_RESTART|SA_SIGINFO
SIGXFSZ: [libjvm.dylib+0x487dc0], sa_mask[0]=11111111011111110111111111111111, sa_flags=SA_RESTART|SA_SIGINFO
SIGILL: [libjvm.dylib+0x487dc0], sa_mask[0]=11111111011111110111111111111111, sa_flags=SA_RESTART|SA_SIGINFO
SIGUSR1: SIG_DFL, sa_mask[0]=00000000000000000000000000000000, sa_flags=none
SIGUSR2: [libjvm.dylib+0x4878de], sa_mask[0]=00100000000000000000000000000000, sa_flags=SA_RESTART|SA_SIGINFO
SIGHUP: [libjvm.dylib+0x485eb5], sa_mask[0]=11111111011111110111111111111111, sa_flags=SA_RESTART|SA_SIGINFO
SIGINT: [libjvm.dylib+0x485eb5], sa_mask[0]=11111111011111110111111111111111, sa_flags=SA_RESTART|SA_SIGINFO
SIGTERM: [libjvm.dylib+0x485eb5], sa_mask[0]=11111111011111110111111111111111, sa_flags=SA_RESTART|SA_SIGINFO
SIGQUIT: [libjvm.dylib+0x485eb5], sa_mask[0]=11111111011111110111111111111111, sa_flags=SA_RESTART|SA_SIGINFO


---------------  S Y S T E M  ---------------

OS:Bsduname:Darwin 20.2.0 Darwin Kernel Version 20.2.0: Wed Dec  2 20:39:59 PST 2020; root:xnu-7195.60.75~1/RELEASE_X86_64 x86_64
rlimit: STACK 8192k, CORE 0k, NPROC 2784, NOFILE 10240, AS infinity
load average:2.54 2.58 2.79

CPU:total 8 (4 cores per cpu, 2 threads per core) family 6 model 142 stepping 10, cmov, cx8, fxsr, mmx, sse, sse2, sse3, ssse3, sse4.1, sse4.2, popcnt, avx, avx2, aes, clmul, erms, 3dnowpref, lzcnt, ht, tsc, tscinvbit, bmi1, bmi2, adx

Memory: 4k page, physical 16777216k(285864k free)

/proc/meminfo:


vm_info: Java HotSpot(TM) 64-Bit Server VM (25.112-b16) for bsd-amd64 JRE (1.8.0_112-b16), built on Sep 30 2016 22:41:41 by "java_re" with gcc 4.2.1 (Based on Apple Inc. build 5658) (LLVM build 2336.11.00)

time: Tue Jan 19 19:36:43 2021
elapsed time: 27 seconds (0d 0h 0m 27s)

