#
# A fatal error has been detected by the Java Runtime Environment:
#
#  SIGBUS (0xa) at pc=0x00000001027ebe92, pid=42038, tid=0x0000000000000d03
#
# JRE version: Java(TM) SE Runtime Environment (8.0_112-b16) (build 1.8.0_112-b16)
# Java VM: Java HotSpot(TM) 64-Bit Server VM (25.112-b16 mixed mode bsd-amd64 compressed oops)
# Problematic frame:
# C  [libzip.dylib+0x2e92]  newEntry+0x154
#
# Failed to write core dump. Core dumps have been disabled. To enable core dumping, try "ulimit -c unlimited" before starting Java again
#
# If you would like to submit a bug report, please visit:
#   http://bugreport.java.com/bugreport/crash.jsp
# The crash happened outside the Java Virtual Machine in native code.
# See problematic frame for where to report the bug.
#

---------------  T H R E A D  ---------------

Current thread (0x00007fdf4e80e000):  JavaThread "main" [_thread_in_native, id=3331, stack(0x0000700009b3d000,0x0000700009c3d000)]

siginfo: si_signo: 10 (SIGBUS), si_code: 2 (BUS_ADRERR), si_addr: 0x00000001109c89ee

Registers:
RAX=0x00007fdf4e4234c0, RBX=0x00000001109c89e2, RCX=0x0000000000000000, RDX=0x00007fdf4e600000
RSP=0x0000700009c3a1d0, RBP=0x0000700009c3a230, RSI=0x0000000000200000, RDI=0x000000000000000f
R8 =0x00000000000000f1, R9 =0x00000000000000f5, R10=0x00000000ffe1ffff, R11=0x00006ff89ee5ce2e
R12=0x00007fdf4e839000, R13=0x00000000000002b0, R14=0x0000000041d31a14, R15=0x00007fdf4e61efe0
RIP=0x00000001027ebe92, EFLAGS=0x0000000000010206, ERR=0x0000000000000004
  TRAPNO=0x000000000000000e

Top of Stack: (sp=0x0000700009c3a1d0)
0x0000700009c3a1d0:   0000700009c3a310 00000000069b9ed6
0x0000700009c3a1e0:   00007fdf4e80e000 000000076ab57948
0x0000700009c3a1f0:   0000700009c3a210 00007fdf4e4234c0
0x0000700009c3a200:   00007fdf4e604f80 00007fdf4e4234c0
0x0000700009c3a210:   00007fdf4e839000 00000000000002b0
0x0000700009c3a220:   0000000041d31a14 00007fdf4e61efe0
0x0000700009c3a230:   0000700009c3a290 00000001027ec52d
0x0000700009c3a240:   0000700009c3a2d2 0000700009c3a2d1
0x0000700009c3a250:   0000002200000000 000000230180e000
0x0000700009c3a260:   0000700009c3a2ae 0000700009c3a780
0x0000700009c3a270:   0000000000000023 0000700009c3a2ae
0x0000700009c3a280:   00007fdf4e4234c0 00007fdf4e80e1f8
0x0000700009c3a290:   0000700009c3a6e0 00000001027eb238
0x0000700009c3a2a0:   00000001203c8f28 6f69000100000001
0x0000700009c3a2b0:   6265776e6f736a2f 65732f6e656b6f74
0x0000700009c3a2c0:   4b2f797469727563 73616c632e737965
0x0000700009c3a2d0:   0000700009c30073 0000000000000000
0x0000700009c3a2e0:   00007fdf4e80e000 00000001203c8f28
0x0000700009c3a2f0:   00007fdf4fa04140 0000000000000280
0x0000700009c3a300:   00007fdf204ab9d8 0000700009c3a410
0x0000700009c3a310:   0000700009c3a390 00000001068a1114
0x0000700009c3a320:   00007fdf4e80e000 0000000106d427e7
0x0000700009c3a330:   00000003ffffffff 00000001203c8f28
0x0000700009c3a340:   00007fdf4e80e000 00000001203c8f28
0x0000700009c3a350:   00007fdf4e80e000 00000001205ae708
0x0000700009c3a360:   00000001203c8f28 0000000000000003
0x0000700009c3a370:   00000001203c8f28 00000001068a0fa0
0x0000700009c3a380:   0000700009c3a4c0 00007fdf4fa04140
0x0000700009c3a390:   0000700009c3a480 0000000106d01f34
0x0000700009c3a3a0:   00007fdf4e80e000 ffffffff80000000
0x0000700009c3a3b0:   00000001203c8f28 00007fdf4e80e000
0x0000700009c3a3c0:   00007000205ae6e8 00000001068a16e7 

Instructions: (pc=0x00000001027ebe92)
0x00000001027ebe72:   49 8b 7f 38 e8 5b 1b 00 00 4d 89 77 38 49 89 5f
0x00000001027ebe82:   40 4c 89 f0 48 85 c0 0f 84 11 05 00 00 48 89 c3
0x00000001027ebe92:   0f b6 43 0c 0f b6 4b 0d 48 c1 e1 08 48 01 c1 0f
0x00000001027ebea2:   b6 43 0e 0f b6 53 0f 48 c1 e2 08 48 01 c2 48 c1 

Register to memory mapping:

RAX=0x00007fdf4e4234c0 is an unknown value
RBX=0x00000001109c89e2 is an unknown value
RCX=0x0000000000000000 is an unknown value
RDX=0x00007fdf4e600000 is an unknown value
RSP=0x0000700009c3a1d0 is pointing into the stack for thread: 0x00007fdf4e80e000
RBP=0x0000700009c3a230 is pointing into the stack for thread: 0x00007fdf4e80e000
RSI=0x0000000000200000 is an unknown value
RDI=0x000000000000000f is an unknown value
R8 =0x00000000000000f1 is an unknown value
R9 =0x00000000000000f5 is an unknown value
R10=0x00000000ffe1ffff is an unknown value
R11=0x00006ff89ee5ce2e is an unknown value
R12=0x00007fdf4e839000 is an unknown value
R13=0x00000000000002b0 is an unknown value
R14=0x0000000041d31a14 is an unknown value
R15=0x00007fdf4e61efe0 is an unknown value


Stack: [0x0000700009b3d000,0x0000700009c3d000],  sp=0x0000700009c3a1d0,  free space=1012k
Native frames: (J=compiled Java code, j=interpreted, Vv=VM code, C=native code)
C  [libzip.dylib+0x2e92]  newEntry+0x154
C  [libzip.dylib+0x352d]  ZIP_GetEntry2+0xd4
C  [libzip.dylib+0x2238]  Java_java_util_zip_ZipFile_getEntry+0xcf
j  java.util.zip.ZipFile.getEntry(J[BZ)J+0
j  java.util.zip.ZipFile.getEntry(Ljava/lang/String;)Ljava/util/zip/ZipEntry;+38
j  java.util.jar.JarFile.getEntry(Ljava/lang/String;)Ljava/util/zip/ZipEntry;+2
j  java.util.jar.JarFile.getJarEntry(Ljava/lang/String;)Ljava/util/jar/JarEntry;+2
j  sun.misc.URLClassPath$JarLoader.getResource(Ljava/lang/String;Z)Lsun/misc/Resource;+42
j  sun.misc.URLClassPath.getResource(Ljava/lang/String;Z)Lsun/misc/Resource;+62
j  java.net.URLClassLoader$1.run()Ljava/lang/Class;+26
j  java.net.URLClassLoader$1.run()Ljava/lang/Object;+1
v  ~StubRoutines::call_stub
V  [libjvm.dylib+0x2edbd2]  JavaCalls::call_helper(JavaValue*, methodHandle*, JavaCallArguments*, Thread*)+0x6ae
V  [libjvm.dylib+0x34e310]  JVM_DoPrivileged+0x4b8
j  java.security.AccessController.doPrivileged(Ljava/security/PrivilegedExceptionAction;Ljava/security/AccessControlContext;)Ljava/lang/Object;+0
j  java.net.URLClassLoader.findClass(Ljava/lang/String;)Ljava/lang/Class;+13
j  java.lang.ClassLoader.loadClass(Ljava/lang/String;Z)Ljava/lang/Class;+70
j  sun.misc.Launcher$AppClassLoader.loadClass(Ljava/lang/String;Z)Ljava/lang/Class;+81
j  java.lang.ClassLoader.loadClass(Ljava/lang/String;)Ljava/lang/Class;+3
v  ~StubRoutines::call_stub
V  [libjvm.dylib+0x2edbd2]  JavaCalls::call_helper(JavaValue*, methodHandle*, JavaCallArguments*, Thread*)+0x6ae
V  [libjvm.dylib+0x2ee360]  JavaCalls::call_virtual(JavaValue*, KlassHandle, Symbol*, Symbol*, JavaCallArguments*, Thread*)+0x164
V  [libjvm.dylib+0x2ee4b8]  JavaCalls::call_virtual(JavaValue*, Handle, KlassHandle, Symbol*, Symbol*, Handle, Thread*)+0x56
V  [libjvm.dylib+0x53c1b6]  SystemDictionary::load_instance_class(Symbol*, Handle, Thread*)+0x2d8
V  [libjvm.dylib+0x53b97e]  SystemDictionary::resolve_instance_class_or_null(Symbol*, Handle, Handle, Thread*)+0x484
V  [libjvm.dylib+0x53c3d2]  SystemDictionary::resolve_or_null(Symbol*, Handle, Handle, Thread*)+0x106
V  [libjvm.dylib+0x53ca85]  SystemDictionary::resolve_or_fail(Symbol*, Handle, Handle, bool, Thread*)+0x31
V  [libjvm.dylib+0x1e2b7e]  ConstantPool::klass_at_impl(constantPoolHandle, int, Thread*)+0x2ee
V  [libjvm.dylib+0x1f2f8e]  ConstantPool::klass_at(int, Thread*)+0x92
V  [libjvm.dylib+0x3cb42a]  LinkResolver::resolve_pool(KlassHandle&, Symbol*&, Symbol*&, KlassHandle&, constantPoolHandle, int, Thread*)+0x72
V  [libjvm.dylib+0x3cea52]  LinkResolver::resolve_invokestatic(CallInfo&, constantPoolHandle, int, Thread*)+0x9e
V  [libjvm.dylib+0x3ceb77]  LinkResolver::resolve_invoke(CallInfo&, Handle, constantPoolHandle, int, Bytecodes::Code, Thread*)+0xb3
V  [libjvm.dylib+0x2e7ffd]  InterpreterRuntime::resolve_invoke(JavaThread*, Bytecodes::Code)+0x371
j  main.java.jwt.JWT.main([Ljava/lang/String;)V+7
v  ~StubRoutines::call_stub
V  [libjvm.dylib+0x2edbd2]  JavaCalls::call_helper(JavaValue*, methodHandle*, JavaCallArguments*, Thread*)+0x6ae
V  [libjvm.dylib+0x3249ca]  jni_invoke_static(JNIEnv_*, JavaValue*, _jobject*, JNICallType, _jmethodID*, JNI_ArgumentPusher*, Thread*)+0x1bf
V  [libjvm.dylib+0x31d741]  jni_CallStaticVoidMethod+0x15d
C  [java+0x3931]  JavaMain+0x9c4
C  [libsystem_pthread.dylib+0x6950]  _pthread_start+0xe0
C  [libsystem_pthread.dylib+0x247b]  thread_start+0xf
C  0x0000000000000000

Java frames: (J=compiled Java code, j=interpreted, Vv=VM code)
j  java.util.zip.ZipFile.getEntry(J[BZ)J+0
j  java.util.zip.ZipFile.getEntry(Ljava/lang/String;)Ljava/util/zip/ZipEntry;+38
j  java.util.jar.JarFile.getEntry(Ljava/lang/String;)Ljava/util/zip/ZipEntry;+2
j  java.util.jar.JarFile.getJarEntry(Ljava/lang/String;)Ljava/util/jar/JarEntry;+2
j  sun.misc.URLClassPath$JarLoader.getResource(Ljava/lang/String;Z)Lsun/misc/Resource;+42
j  sun.misc.URLClassPath.getResource(Ljava/lang/String;Z)Lsun/misc/Resource;+62
j  java.net.URLClassLoader$1.run()Ljava/lang/Class;+26
j  java.net.URLClassLoader$1.run()Ljava/lang/Object;+1
v  ~StubRoutines::call_stub
j  java.security.AccessController.doPrivileged(Ljava/security/PrivilegedExceptionAction;Ljava/security/AccessControlContext;)Ljava/lang/Object;+0
j  java.net.URLClassLoader.findClass(Ljava/lang/String;)Ljava/lang/Class;+13
j  java.lang.ClassLoader.loadClass(Ljava/lang/String;Z)Ljava/lang/Class;+70
j  sun.misc.Launcher$AppClassLoader.loadClass(Ljava/lang/String;Z)Ljava/lang/Class;+81
j  java.lang.ClassLoader.loadClass(Ljava/lang/String;)Ljava/lang/Class;+3
v  ~StubRoutines::call_stub
j  main.java.jwt.JWT.main([Ljava/lang/String;)V+7
v  ~StubRoutines::call_stub

---------------  P R O C E S S  ---------------

Java Threads: ( => current thread )
  0x00007fdf4f04c000 JavaThread "Service Thread" daemon [_thread_blocked, id=22275, stack(0x000070000b07f000,0x000070000b17f000)]
  0x00007fdf4f043000 JavaThread "C1 CompilerThread3" daemon [_thread_blocked, id=22019, stack(0x000070000af7c000,0x000070000b07c000)]
  0x00007fdf4f03a800 JavaThread "C2 CompilerThread2" daemon [_thread_blocked, id=43267, stack(0x000070000ae79000,0x000070000af79000)]
  0x00007fdf4f009000 JavaThread "C2 CompilerThread1" daemon [_thread_blocked, id=15619, stack(0x000070000ad76000,0x000070000ae76000)]
  0x00007fdf4e836000 JavaThread "C2 CompilerThread0" daemon [_thread_blocked, id=15107, stack(0x000070000ac73000,0x000070000ad73000)]
  0x00007fdf50034000 JavaThread "JDWP Event Helper Thread" daemon [_thread_blocked, id=15875, stack(0x000070000aa6d000,0x000070000ab6d000)]
  0x00007fdf5000c800 JavaThread "Signal Dispatcher" daemon [_thread_blocked, id=16899, stack(0x000070000a867000,0x000070000a967000)]
  0x00007fdf50009800 JavaThread "Finalizer" daemon [_thread_blocked, id=19971, stack(0x000070000a65e000,0x000070000a75e000)]
  0x00007fdf50009000 JavaThread "Reference Handler" daemon [_thread_blocked, id=20483, stack(0x000070000a55b000,0x000070000a65b000)]
=>0x00007fdf4e80e000 JavaThread "main" [_thread_in_native, id=3331, stack(0x0000700009b3d000,0x0000700009c3d000)]

Other Threads:
  0x00007fdf51817800 VMThread [stack: 0x000070000a458000,0x000070000a558000] [id=12291]
  0x00007fdf4f056800 WatcherThread [stack: 0x000070000b182000,0x000070000b282000] [id=22531]

VM state:not at safepoint (normal execution)

VM Mutex/Monitor currently owned by a thread: None

Heap:
 PSYoungGen      total 76288K, used 5243K [0x000000076ab00000, 0x0000000770000000, 0x00000007c0000000)
  eden space 65536K, 8% used [0x000000076ab00000,0x000000076b01efa8,0x000000076eb00000)
  from space 10752K, 0% used [0x000000076f580000,0x000000076f580000,0x0000000770000000)
  to   space 10752K, 0% used [0x000000076eb00000,0x000000076eb00000,0x000000076f580000)
 ParOldGen       total 175104K, used 0K [0x00000006c0000000, 0x00000006cab00000, 0x000000076ab00000)
  object space 175104K, 0% used [0x00000006c0000000,0x00000006c0000000,0x00000006cab00000)
 Metaspace       used 3126K, capacity 4556K, committed 4864K, reserved 1056768K
  class space    used 336K, capacity 392K, committed 512K, reserved 1048576K

Card table byte_map: [0x0000000107bed000,0x00000001083ee000] byte_map_base: 0x00000001045ed000

Marking Bits: (ParMarkBitMap*) 0x00000001070f0d30
 Begin Bits: [0x0000000108944000, 0x000000010c944000)
 End Bits:   [0x000000010c944000, 0x0000000110944000)

Polling page: 0x00000001027b8000

CodeCache: size=245760Kb used=1103Kb max_used=1103Kb free=244656Kb
 bounds [0x0000000110bc4000, 0x0000000110e34000, 0x000000011fbc4000]
 total_blobs=259 nmethods=25 adapters=157
 compilation: enabled

Compilation events (10 events):
Event: 0.115 Thread 0x00007fdf4f043000 nmethod 17 0x0000000110cd4fd0 code [0x0000000110cd5140, 0x0000000110cd5398]
Event: 0.115 Thread 0x00007fdf4f043000   16       3       java.util.Arrays::copyOfRange (63 bytes)
Event: 0.116 Thread 0x00007fdf4f043000 nmethod 16 0x0000000110cd5810 code [0x0000000110cd5a40, 0x0000000110cd6598]
Event: 0.116 Thread 0x00007fdf4f043000   22       3       java.util.concurrent.ConcurrentHashMap::tabAt (21 bytes)
Event: 0.116 Thread 0x00007fdf4f043000 nmethod 22 0x0000000110cd6b50 code [0x0000000110cd6cc0, 0x0000000110cd6ef0]
Event: 0.116 Thread 0x00007fdf4f043000   21       3       java.lang.String::<init> (82 bytes)
Event: 0.116 Thread 0x00007fdf4f043000 nmethod 21 0x0000000110cd6f90 code [0x0000000110cd7180, 0x0000000110cd76b8]
Event: 31.461 Thread 0x00007fdf4f043000   24       3       com.sun.org.apache.xerces.internal.impl.dv.util.Base64::isWhiteSpace (30 bytes)
Event: 31.461 Thread 0x00007fdf4f043000 nmethod 24 0x0000000110cd79d0 code [0x0000000110cd7b40, 0x0000000110cd7d70]
Event: 31.461 Thread 0x00007fdf4f043000   25       3       java.lang.String::startsWith (7 bytes)

GC Heap History (0 events):
No events

Deoptimization events (0 events):
No events

Internal exceptions (2 events):
Event: 0.028 Thread 0x00007fdf4e80e000 Exception <a 'java/lang/NoSuchMethodError': Method sun.misc.Unsafe.defineClass(Ljava/lang/String;[BII)Ljava/lang/Class; name or signature does not match> (0x000000076ab07c78) thrown at [/Users/java_re/workspace/8-2-build-macosx-x86_64/jdk8u112/7935/hotspo
Event: 0.028 Thread 0x00007fdf4e80e000 Exception <a 'java/lang/NoSuchMethodError': Method sun.misc.Unsafe.prefetchRead(Ljava/lang/Object;J)V name or signature does not match> (0x000000076ab07f60) thrown at [/Users/java_re/workspace/8-2-build-macosx-x86_64/jdk8u112/7935/hotspot/src/share/vm/pri

Events (10 events):
Event: 31.460 Executing VM operation: ChangeBreakpoints done
Event: 31.460 Executing VM operation: ChangeBreakpoints
Event: 31.460 Executing VM operation: ChangeBreakpoints done
Event: 31.460 Executing VM operation: ChangeBreakpoints
Event: 31.460 Executing VM operation: ChangeBreakpoints done
Event: 31.460 loading class com/sun/org/apache/xerces/internal/impl/dv/util/Base64
Event: 31.460 loading class com/sun/org/apache/xerces/internal/impl/dv/util/Base64 done
Event: 31.460 Thread 0x00007fdf50035000 Thread exited: 0x00007fdf50035000
Event: 31.461 loading class io/jsonwebtoken/security/Keys
Event: 31.461 loading class io/jsonwebtoken/security/Keys done


Dynamic libraries:
0x0000000000058000 	/System/Library/Frameworks/Cocoa.framework/Versions/A/Cocoa
0x0000000000058000 	/System/Library/Frameworks/Security.framework/Versions/A/Security
0x0000000000058000 	/System/Library/Frameworks/ApplicationServices.framework/Versions/A/ApplicationServices
0x0000000000058000 	/usr/lib/libz.1.dylib
0x0000000000058000 	/usr/lib/libSystem.B.dylib
0x0000000000058000 	/usr/lib/libobjc.A.dylib
0x0000000000058000 	/System/Library/Frameworks/CoreFoundation.framework/Versions/A/CoreFoundation
0x0000000000058000 	/System/Library/Frameworks/Foundation.framework/Versions/C/Foundation
0x0000000000058000 	/System/Library/Frameworks/AppKit.framework/Versions/C/AppKit
0x0000000000058000 	/System/Library/Frameworks/CoreData.framework/Versions/A/CoreData
0x0000000000058000 	/System/Library/PrivateFrameworks/UIFoundation.framework/Versions/A/UIFoundation
0x0000000000058000 	/System/Library/PrivateFrameworks/RemoteViewServices.framework/Versions/A/RemoteViewServices
0x0000000000058000 	/System/Library/PrivateFrameworks/XCTTargetBootstrap.framework/Versions/A/XCTTargetBootstrap
0x0000000000058000 	/usr/lib/libspindump.dylib
0x0000000000058000 	/System/Library/Frameworks/UniformTypeIdentifiers.framework/Versions/A/UniformTypeIdentifiers
0x0000000000058000 	/usr/lib/libapp_launch_measurement.dylib
0x0000000000058000 	/System/Library/PrivateFrameworks/CoreAutoLayout.framework/Versions/A/CoreAutoLayout
0x0000000000058000 	/System/Library/Frameworks/Metal.framework/Versions/A/Metal
0x0000000000058000 	/usr/lib/liblangid.dylib
0x0000000000058000 	/System/Library/PrivateFrameworks/CoreSVG.framework/Versions/A/CoreSVG
0x0000000000058000 	/System/Library/PrivateFrameworks/SkyLight.framework/Versions/A/SkyLight
0x0000000000058000 	/System/Library/Frameworks/CoreGraphics.framework/Versions/A/CoreGraphics
0x0000000000058000 	/System/Library/Frameworks/Accelerate.framework/Versions/A/Accelerate
0x0000000000058000 	/System/Library/PrivateFrameworks/IconServices.framework/Versions/A/IconServices
0x0000000000058000 	/System/Library/Frameworks/IOSurface.framework/Versions/A/IOSurface
0x0000000000058000 	/usr/lib/libDiagnosticMessagesClient.dylib
0x0000000000058000 	/System/Library/PrivateFrameworks/DFRFoundation.framework/Versions/A/DFRFoundation
0x0000000000058000 	/usr/lib/libicucore.A.dylib
0x0000000000058000 	/System/Library/Frameworks/AudioToolbox.framework/Versions/A/AudioToolbox
0x0000000000058000 	/System/Library/PrivateFrameworks/DataDetectorsCore.framework/Versions/A/DataDetectorsCore
0x0000000000058000 	/System/Library/Frameworks/Carbon.framework/Versions/A/Frameworks/HIToolbox.framework/Versions/A/HIToolbox
0x0000000000058000 	/System/Library/Frameworks/QuartzCore.framework/Versions/A/QuartzCore
0x0000000000058000 	/System/Library/Frameworks/Carbon.framework/Versions/A/Frameworks/SpeechRecognition.framework/Versions/A/SpeechRecognition
0x0000000000058000 	/System/Library/PrivateFrameworks/CoreUI.framework/Versions/A/CoreUI
0x0000000000058000 	/System/Library/Frameworks/CoreAudio.framework/Versions/A/CoreAudio
0x0000000000058000 	/System/Library/Frameworks/DiskArbitration.framework/Versions/A/DiskArbitration
0x0000000000058000 	/System/Library/PrivateFrameworks/MultitouchSupport.framework/Versions/A/MultitouchSupport
0x0000000000058000 	/System/Library/PrivateFrameworks/InternationalSupport.framework/Versions/A/InternationalSupport
0x0000000000058000 	/usr/lib/libenergytrace.dylib
0x0000000000058000 	/System/Library/Frameworks/IOKit.framework/Versions/A/IOKit
0x0000000000058000 	/System/Library/Frameworks/CoreServices.framework/Versions/A/CoreServices
0x0000000000058000 	/System/Library/PrivateFrameworks/PerformanceAnalysis.framework/Versions/A/PerformanceAnalysis
0x0000000000058000 	/System/Library/Frameworks/OpenGL.framework/Versions/A/OpenGL
0x0000000000058000 	/System/Library/PrivateFrameworks/UserActivity.framework/Versions/A/UserActivity
0x0000000000058000 	/System/Library/Frameworks/ColorSync.framework/Versions/A/ColorSync
0x0000000000058000 	/System/Library/Frameworks/CoreImage.framework/Versions/A/CoreImage
0x0000000000058000 	/System/Library/Frameworks/CoreText.framework/Versions/A/CoreText
0x0000000000058000 	/System/Library/Frameworks/ImageIO.framework/Versions/A/ImageIO
0x0000000000058000 	/System/Library/PrivateFrameworks/SoftLinking.framework/Versions/A/SoftLinking
0x0000000000058000 	/usr/lib/libxml2.2.dylib
0x0000000000058000 	/usr/lib/libc++.1.dylib
0x0000000000058000 	/usr/lib/libcompression.dylib
0x0000000000058000 	/usr/lib/libMobileGestalt.dylib
0x0000000000058000 	/System/Library/PrivateFrameworks/TextureIO.framework/Versions/A/TextureIO
0x0000000000058000 	/usr/lib/libate.dylib
0x0000000000058000 	/usr/lib/system/libcache.dylib
0x0000000000058000 	/usr/lib/system/libcommonCrypto.dylib
0x0000000000058000 	/usr/lib/system/libcompiler_rt.dylib
0x0000000000058000 	/usr/lib/system/libcopyfile.dylib
0x0000000000058000 	/usr/lib/system/libcorecrypto.dylib
0x0000000000058000 	/usr/lib/system/libdispatch.dylib
0x0000000000058000 	/usr/lib/system/libdyld.dylib
0x0000000000058000 	/usr/lib/system/libkeymgr.dylib
0x0000000000058000 	/usr/lib/system/liblaunch.dylib
0x0000000000058000 	/usr/lib/system/libmacho.dylib
0x0000000000058000 	/usr/lib/system/libquarantine.dylib
0x0000000000058000 	/usr/lib/system/libremovefile.dylib
0x0000000000058000 	/usr/lib/system/libsystem_asl.dylib
0x0000000000058000 	/usr/lib/system/libsystem_blocks.dylib
0x0000000000058000 	/usr/lib/system/libsystem_c.dylib
0x0000000000058000 	/usr/lib/system/libsystem_collections.dylib
0x0000000000058000 	/usr/lib/system/libsystem_configuration.dylib
0x0000000000058000 	/usr/lib/system/libsystem_containermanager.dylib
0x0000000000058000 	/usr/lib/system/libsystem_coreservices.dylib
0x0000000000058000 	/usr/lib/system/libsystem_darwin.dylib
0x0000000000058000 	/usr/lib/system/libsystem_dnssd.dylib
0x0000000000058000 	/usr/lib/system/libsystem_featureflags.dylib
0x0000000000058000 	/usr/lib/system/libsystem_info.dylib
0x0000000000058000 	/usr/lib/system/libsystem_m.dylib
0x0000000000058000 	/usr/lib/system/libsystem_malloc.dylib
0x0000000000058000 	/usr/lib/system/libsystem_networkextension.dylib
0x0000000000058000 	/usr/lib/system/libsystem_notify.dylib
0x0000000000058000 	/usr/lib/system/libsystem_product_info_filter.dylib
0x0000000000058000 	/usr/lib/system/libsystem_sandbox.dylib
0x0000000000058000 	/usr/lib/system/libsystem_secinit.dylib
0x0000000000058000 	/usr/lib/system/libsystem_kernel.dylib
0x0000000000058000 	/usr/lib/system/libsystem_platform.dylib
0x0000000000058000 	/usr/lib/system/libsystem_pthread.dylib
0x0000000000058000 	/usr/lib/system/libsystem_symptoms.dylib
0x0000000000058000 	/usr/lib/system/libsystem_trace.dylib
0x0000000000058000 	/usr/lib/system/libunwind.dylib
0x0000000000058000 	/usr/lib/system/libxpc.dylib
0x0000000000058000 	/usr/lib/libc++abi.dylib
0x0000000000058000 	/usr/lib/liboah.dylib
0x0000000000058000 	/usr/lib/liblzma.5.dylib
0x0000000000058000 	/System/Library/Frameworks/SystemConfiguration.framework/Versions/A/SystemConfiguration
0x0000000000058000 	/usr/lib/libfakelink.dylib
0x0000000000058000 	/System/Library/Frameworks/CFNetwork.framework/Versions/A/CFNetwork
0x0000000000058000 	/usr/lib/libarchive.2.dylib
0x0000000000058000 	/usr/lib/libCRFSuite.dylib
0x0000000000058000 	/usr/lib/libbsm.0.dylib
0x0000000000058000 	/usr/lib/libnetwork.dylib
0x0000000000058000 	/usr/lib/libpcap.A.dylib
0x0000000000058000 	/usr/lib/libdns_services.dylib
0x0000000000058000 	/usr/lib/libcoretls_cfhelpers.dylib
0x0000000000058000 	/usr/lib/libapple_nghttp2.dylib
0x0000000000058000 	/usr/lib/system/libkxld.dylib
0x0000000000058000 	/usr/lib/libsqlite3.dylib
0x0000000000058000 	/System/Library/PrivateFrameworks/AppleFSCompression.framework/Versions/A/AppleFSCompression
0x0000000000058000 	/usr/lib/libcoretls.dylib
0x0000000000058000 	/usr/lib/libpam.2.dylib
0x0000000000058000 	/usr/lib/libxar.1.dylib
0x0000000000058000 	/System/Library/PrivateFrameworks/AppleSystemInfo.framework/Versions/A/AppleSystemInfo
0x0000000000058000 	/System/Library/PrivateFrameworks/IOMobileFramebuffer.framework/Versions/A/IOMobileFramebuffer
0x0000000000058000 	/usr/lib/libbz2.1.0.dylib
0x0000000000058000 	/usr/lib/libiconv.2.dylib
0x0000000000058000 	/usr/lib/libcharset.1.dylib
0x0000000000058000 	/System/Library/Frameworks/CoreServices.framework/Versions/A/Frameworks/FSEvents.framework/Versions/A/FSEvents
0x0000000000058000 	/System/Library/Frameworks/CoreServices.framework/Versions/A/Frameworks/CarbonCore.framework/Versions/A/CarbonCore
0x0000000000058000 	/System/Library/Frameworks/CoreServices.framework/Versions/A/Frameworks/Metadata.framework/Versions/A/Metadata
0x0000000000058000 	/System/Library/Frameworks/CoreServices.framework/Versions/A/Frameworks/OSServices.framework/Versions/A/OSServices
0x0000000000058000 	/System/Library/Frameworks/CoreServices.framework/Versions/A/Frameworks/SearchKit.framework/Versions/A/SearchKit
0x0000000000058000 	/System/Library/Frameworks/CoreServices.framework/Versions/A/Frameworks/AE.framework/Versions/A/AE
0x0000000000058000 	/System/Library/Frameworks/CoreServices.framework/Versions/A/Frameworks/LaunchServices.framework/Versions/A/LaunchServices
0x0000000000058000 	/System/Library/Frameworks/CoreServices.framework/Versions/A/Frameworks/DictionaryServices.framework/Versions/A/DictionaryServices
0x0000000000058000 	/System/Library/Frameworks/CoreServices.framework/Versions/A/Frameworks/SharedFileList.framework/Versions/A/SharedFileList
0x0000000000058000 	/usr/lib/libCheckFix.dylib
0x0000000000058000 	/System/Library/PrivateFrameworks/TCC.framework/Versions/A/TCC
0x0000000000058000 	/System/Library/PrivateFrameworks/CoreNLP.framework/Versions/A/CoreNLP
0x0000000000058000 	/System/Library/PrivateFrameworks/MetadataUtilities.framework/Versions/A/MetadataUtilities
0x0000000000058000 	/usr/lib/libmecabra.dylib
0x0000000000058000 	/System/Library/Frameworks/MLCompute.framework/Versions/A/MLCompute
0x0000000000058000 	/usr/lib/libmecab.dylib
0x0000000000058000 	/usr/lib/libgermantok.dylib
0x0000000000058000 	/usr/lib/libThaiTokenizer.dylib
0x0000000000058000 	/usr/lib/libChineseTokenizer.dylib
0x0000000000058000 	/System/Library/Frameworks/MetalPerformanceShaders.framework/Versions/A/MetalPerformanceShaders
0x0000000000058000 	/System/Library/Frameworks/Accelerate.framework/Versions/A/Frameworks/vImage.framework/Versions/A/vImage
0x0000000000058000 	/System/Library/Frameworks/Accelerate.framework/Versions/A/Frameworks/vecLib.framework/Versions/A/vecLib
0x0000000000058000 	/System/Library/Frameworks/Accelerate.framework/Versions/A/Frameworks/vecLib.framework/Versions/A/libvMisc.dylib
0x0000000000058000 	/System/Library/Frameworks/Accelerate.framework/Versions/A/Frameworks/vecLib.framework/Versions/A/libvDSP.dylib
0x0000000000058000 	/System/Library/Frameworks/Accelerate.framework/Versions/A/Frameworks/vecLib.framework/Versions/A/libBLAS.dylib
0x0000000000058000 	/System/Library/Frameworks/Accelerate.framework/Versions/A/Frameworks/vecLib.framework/Versions/A/libLAPACK.dylib
0x0000000000058000 	/System/Library/Frameworks/Accelerate.framework/Versions/A/Frameworks/vecLib.framework/Versions/A/libLinearAlgebra.dylib
0x0000000000058000 	/System/Library/Frameworks/Accelerate.framework/Versions/A/Frameworks/vecLib.framework/Versions/A/libSparseBLAS.dylib
0x0000000000058000 	/System/Library/Frameworks/Accelerate.framework/Versions/A/Frameworks/vecLib.framework/Versions/A/libQuadrature.dylib
0x0000000000058000 	/System/Library/Frameworks/Accelerate.framework/Versions/A/Frameworks/vecLib.framework/Versions/A/libBNNS.dylib
0x0000000000058000 	/System/Library/Frameworks/Accelerate.framework/Versions/A/Frameworks/vecLib.framework/Versions/A/libSparse.dylib
0x0000000000058000 	/System/Library/Frameworks/MetalPerformanceShaders.framework/Versions/A/Frameworks/MPSCore.framework/Versions/A/MPSCore
0x0000000000058000 	/System/Library/Frameworks/MetalPerformanceShaders.framework/Versions/A/Frameworks/MPSImage.framework/Versions/A/MPSImage
0x0000000000058000 	/System/Library/Frameworks/MetalPerformanceShaders.framework/Versions/A/Frameworks/MPSNeuralNetwork.framework/Versions/A/MPSNeuralNetwork
0x0000000000058000 	/System/Library/Frameworks/MetalPerformanceShaders.framework/Versions/A/Frameworks/MPSMatrix.framework/Versions/A/MPSMatrix
0x0000000000058000 	/System/Library/Frameworks/MetalPerformanceShaders.framework/Versions/A/Frameworks/MPSRayIntersector.framework/Versions/A/MPSRayIntersector
0x0000000000058000 	/System/Library/Frameworks/MetalPerformanceShaders.framework/Versions/A/Frameworks/MPSNDArray.framework/Versions/A/MPSNDArray
0x0000000000058000 	/System/Library/PrivateFrameworks/MetalTools.framework/Versions/A/MetalTools
0x0000000000058000 	/System/Library/PrivateFrameworks/AggregateDictionary.framework/Versions/A/AggregateDictionary
0x0000000000058000 	/System/Library/PrivateFrameworks/CoreAnalytics.framework/Versions/A/CoreAnalytics
0x0000000000058000 	/System/Library/PrivateFrameworks/AppleSauce.framework/Versions/A/AppleSauce
0x0000000000058000 	/System/Library/PrivateFrameworks/IOAccelerator.framework/Versions/A/IOAccelerator
0x0000000000058000 	/System/Library/Frameworks/OpenGL.framework/Versions/A/Libraries/libCoreFSCache.dylib
0x0000000000058000 	/System/Library/PrivateFrameworks/LanguageModeling.framework/Versions/A/LanguageModeling
0x0000000000058000 	/System/Library/PrivateFrameworks/CoreEmoji.framework/Versions/A/CoreEmoji
0x0000000000058000 	/System/Library/PrivateFrameworks/LinguisticData.framework/Versions/A/LinguisticData
0x0000000000058000 	/System/Library/PrivateFrameworks/Lexicon.framework/Versions/A/Lexicon
0x0000000000058000 	/usr/lib/libcmph.dylib
0x0000000000058000 	/System/Library/Frameworks/OpenDirectory.framework/Versions/A/Frameworks/CFOpenDirectory.framework/Versions/A/CFOpenDirectory
0x0000000000058000 	/System/Library/Frameworks/OpenDirectory.framework/Versions/A/OpenDirectory
0x0000000000058000 	/System/Library/PrivateFrameworks/APFS.framework/Versions/A/APFS
0x0000000000058000 	/System/Library/Frameworks/SecurityFoundation.framework/Versions/A/SecurityFoundation
0x0000000000058000 	/usr/lib/libutil.dylib
0x0000000000058000 	/System/Library/PrivateFrameworks/CoreServicesStore.framework/Versions/A/CoreServicesStore
0x0000000000058000 	/System/Library/Frameworks/ServiceManagement.framework/Versions/A/ServiceManagement
0x0000000000058000 	/usr/lib/libxslt.1.dylib
0x0000000000058000 	/System/Library/PrivateFrameworks/BackgroundTaskManagement.framework/Versions/A/BackgroundTaskManagement
0x0000000000058000 	/System/Library/Frameworks/ImageIO.framework/Versions/A/Resources/libRadiance.dylib
0x0000000000058000 	/System/Library/Frameworks/ImageIO.framework/Versions/A/Resources/libJPEG.dylib
0x0000000000058000 	/System/Library/Frameworks/ImageIO.framework/Versions/A/Resources/libPng.dylib
0x0000000000058000 	/System/Library/Frameworks/ImageIO.framework/Versions/A/Resources/libTIFF.dylib
0x0000000000058000 	/System/Library/Frameworks/ImageIO.framework/Versions/A/Resources/libGIF.dylib
0x0000000000058000 	/System/Library/Frameworks/ImageIO.framework/Versions/A/Resources/libJP2.dylib
0x0000000000058000 	/usr/lib/libexpat.1.dylib
0x0000000000058000 	/System/Library/PrivateFrameworks/AppleJPEG.framework/Versions/A/AppleJPEG
0x0000000000058000 	/System/Library/PrivateFrameworks/FontServices.framework/libFontParser.dylib
0x0000000000058000 	/System/Library/PrivateFrameworks/RunningBoardServices.framework/Versions/A/RunningBoardServices
0x0000000000058000 	/System/Library/PrivateFrameworks/WatchdogClient.framework/Versions/A/WatchdogClient
0x0000000000058000 	/System/Library/Frameworks/CoreDisplay.framework/Versions/A/CoreDisplay
0x0000000000058000 	/System/Library/Frameworks/CoreMedia.framework/Versions/A/CoreMedia
0x0000000000058000 	/System/Library/Frameworks/CoreVideo.framework/Versions/A/CoreVideo
0x0000000000058000 	/System/Library/Frameworks/VideoToolbox.framework/Versions/A/VideoToolbox
0x0000000000058000 	/System/Library/PrivateFrameworks/BaseBoard.framework/Versions/A/BaseBoard
0x0000000000058000 	/System/Library/PrivateFrameworks/PersistentConnection.framework/Versions/A/PersistentConnection
0x0000000000058000 	/System/Library/PrivateFrameworks/ProtocolBuffer.framework/Versions/A/ProtocolBuffer
0x0000000000058000 	/System/Library/PrivateFrameworks/CommonUtilities.framework/Versions/A/CommonUtilities
0x0000000000058000 	/System/Library/PrivateFrameworks/Bom.framework/Versions/A/Bom
0x0000000000058000 	/System/Library/PrivateFrameworks/GPUWrangler.framework/Versions/A/GPUWrangler
0x0000000000058000 	/System/Library/PrivateFrameworks/IOPresentment.framework/Versions/A/IOPresentment
0x0000000000058000 	/System/Library/PrivateFrameworks/DSExternalDisplay.framework/Versions/A/DSExternalDisplay
0x0000000000058000 	/System/Library/PrivateFrameworks/CMCaptureCore.framework/Versions/A/CMCaptureCore
0x0000000000058000 	/System/Library/PrivateFrameworks/AppServerSupport.framework/Versions/A/AppServerSupport
0x0000000000058000 	/System/Library/PrivateFrameworks/perfdata.framework/Versions/A/perfdata
0x0000000000058000 	/System/Library/PrivateFrameworks/AssertionServices.framework/Versions/A/AssertionServices
0x0000000000058000 	/System/Library/PrivateFrameworks/AudioToolboxCore.framework/Versions/A/AudioToolboxCore
0x0000000000058000 	/System/Library/PrivateFrameworks/caulk.framework/Versions/A/caulk
0x0000000000058000 	/System/Library/PrivateFrameworks/SystemPolicy.framework/Versions/A/SystemPolicy
0x0000000000058000 	/usr/lib/libIOReport.dylib
0x0000000000058000 	/usr/lib/libSMC.dylib
0x0000000000058000 	/usr/lib/libAudioToolboxUtility.dylib
0x0000000000058000 	/usr/lib/libmis.dylib
0x0000000000058000 	/System/Library/Frameworks/OpenGL.framework/Versions/A/Libraries/libGLU.dylib
0x0000000000058000 	/System/Library/Frameworks/OpenGL.framework/Versions/A/Libraries/libGFXShared.dylib
0x0000000000058000 	/System/Library/Frameworks/OpenGL.framework/Versions/A/Libraries/libGL.dylib
0x0000000000058000 	/System/Library/Frameworks/OpenGL.framework/Versions/A/Libraries/libGLImage.dylib
0x0000000000058000 	/System/Library/Frameworks/OpenGL.framework/Versions/A/Libraries/libCVMSPluginSupport.dylib
0x0000000000058000 	/System/Library/Frameworks/OpenGL.framework/Versions/A/Libraries/libCoreVMClient.dylib
0x0000000000058000 	/System/Library/Frameworks/OpenCL.framework/Versions/A/OpenCL
0x0000000000058000 	/System/Library/PrivateFrameworks/GraphVisualizer.framework/Versions/A/GraphVisualizer
0x0000000000058000 	/System/Library/PrivateFrameworks/FaceCore.framework/Versions/A/FaceCore
0x0000000000058000 	/System/Library/PrivateFrameworks/OTSVG.framework/Versions/A/OTSVG
0x0000000000058000 	/System/Library/Frameworks/ApplicationServices.framework/Versions/A/Frameworks/ATS.framework/Versions/A/Resources/libFontRegistry.dylib
0x0000000000058000 	/System/Library/PrivateFrameworks/FontServices.framework/libhvf.dylib
0x0000000000058000 	/System/Library/PrivateFrameworks/AppleVA.framework/Versions/A/AppleVA
0x0000000000058000 	/System/Library/Frameworks/ApplicationServices.framework/Versions/A/Frameworks/ATS.framework/Versions/A/ATS
0x0000000000058000 	/System/Library/Frameworks/ApplicationServices.framework/Versions/A/Frameworks/ColorSyncLegacy.framework/Versions/A/ColorSyncLegacy
0x0000000000058000 	/System/Library/Frameworks/ApplicationServices.framework/Versions/A/Frameworks/HIServices.framework/Versions/A/HIServices
0x0000000000058000 	/System/Library/Frameworks/ApplicationServices.framework/Versions/A/Frameworks/LangAnalysis.framework/Versions/A/LangAnalysis
0x0000000000058000 	/System/Library/Frameworks/ApplicationServices.framework/Versions/A/Frameworks/PrintCore.framework/Versions/A/PrintCore
0x0000000000058000 	/System/Library/Frameworks/ApplicationServices.framework/Versions/A/Frameworks/QD.framework/Versions/A/QD
0x0000000000058000 	/System/Library/Frameworks/ApplicationServices.framework/Versions/A/Frameworks/SpeechSynthesis.framework/Versions/A/SpeechSynthesis
0x0000000000058000 	/System/Library/Frameworks/ApplicationServices.framework/Versions/A/Frameworks/ATSUI.framework/Versions/A/ATSUI
0x0000000000058000 	/usr/lib/libcups.2.dylib
0x0000000000058000 	/System/Library/PrivateFrameworks/NetAuth.framework/Versions/A/NetAuth
0x0000000000058000 	/System/Library/Frameworks/Kerberos.framework/Versions/A/Kerberos
0x0000000000058000 	/System/Library/Frameworks/GSS.framework/Versions/A/GSS
0x0000000000058000 	/usr/lib/libresolv.9.dylib
0x0000000000058000 	/System/Library/PrivateFrameworks/Heimdal.framework/Versions/A/Heimdal
0x0000000000058000 	/System/Library/Frameworks/Kerberos.framework/Versions/A/Libraries/libHeimdalProxy.dylib
0x0000000000058000 	/System/Library/Frameworks/Network.framework/Versions/A/Network
0x0000000000058000 	/usr/lib/libheimdal-asn1.dylib
0x0000000000058000 	/System/Library/PrivateFrameworks/CommonAuth.framework/Versions/A/CommonAuth
0x0000000000058000 	/System/Library/PrivateFrameworks/login.framework/Versions/A/Frameworks/loginsupport.framework/Versions/A/loginsupport
0x0000000000058000 	/System/Library/PrivateFrameworks/AudioSession.framework/Versions/A/AudioSession
0x0000000000058000 	/usr/lib/libAudioStatistics.dylib
0x0000000000058000 	/System/Library/PrivateFrameworks/MediaExperience.framework/Versions/A/MediaExperience
0x0000000000058000 	/System/Library/PrivateFrameworks/AudioSession.framework/libSessionUtility.dylib
0x0000000000058000 	/usr/lib/libperfcheck.dylib
0x0000000000058000 	/System/Library/PrivateFrameworks/AudioResourceArbitration.framework/Versions/A/AudioResourceArbitration
0x0000000000058000 	/System/Library/PrivateFrameworks/IconFoundation.framework/Versions/A/IconFoundation
0x0000000000058000 	/System/Library/PrivateFrameworks/SpeechRecognitionCore.framework/Versions/A/SpeechRecognitionCore
0x0000000106800000 	/Library/Java/JavaVirtualMachines/jdk1.8.0_112.jdk/Contents/Home/jre/lib/server/libjvm.dylib
0x0000000000058000 	/usr/lib/libstdc++.6.dylib
0x0000000102775000 	/Library/Java/JavaVirtualMachines/jdk1.8.0_112.jdk/Contents/Home/jre/lib/libverify.dylib
0x0000000102783000 	/Library/Java/JavaVirtualMachines/jdk1.8.0_112.jdk/Contents/Home/jre/lib/libjava.dylib
0x00000001077a2000 	/Library/Java/JavaVirtualMachines/jdk1.8.0_112.jdk/Contents/Home/jre/lib/libjdwp.dylib
0x00000001027b9000 	/Library/Java/JavaVirtualMachines/jdk1.8.0_112.jdk/Contents/Home/jre/lib/libnpt.dylib
0x00000001027bd000 	/Library/Java/JavaVirtualMachines/jdk1.8.0_112.jdk/Contents/Home/jre/lib/libinstrument.dylib
0x00000001027e9000 	/Library/Java/JavaVirtualMachines/jdk1.8.0_112.jdk/Contents/Home/jre/lib/libzip.dylib
0x0000000000058000 	/System/Library/Frameworks/JavaRuntimeSupport.framework/Versions/A/JavaRuntimeSupport
0x0000000000058000 	/System/Library/Frameworks/Carbon.framework/Versions/A/Carbon
0x0000000000058000 	/System/Library/PrivateFrameworks/CoreSymbolication.framework/Versions/A/CoreSymbolication
0x0000000000058000 	/System/Library/Frameworks/Carbon.framework/Versions/A/Frameworks/CommonPanels.framework/Versions/A/CommonPanels
0x0000000000058000 	/System/Library/Frameworks/Carbon.framework/Versions/A/Frameworks/Help.framework/Versions/A/Help
0x0000000000058000 	/System/Library/Frameworks/Carbon.framework/Versions/A/Frameworks/ImageCapture.framework/Versions/A/ImageCapture
0x0000000000058000 	/System/Library/Frameworks/Carbon.framework/Versions/A/Frameworks/OpenScripting.framework/Versions/A/OpenScripting
0x0000000000058000 	/System/Library/Frameworks/Carbon.framework/Versions/A/Frameworks/Ink.framework/Versions/A/Ink
0x0000000000058000 	/System/Library/Frameworks/Carbon.framework/Versions/A/Frameworks/Print.framework/Versions/A/Print
0x0000000000058000 	/System/Library/Frameworks/Carbon.framework/Versions/A/Frameworks/SecurityHI.framework/Versions/A/SecurityHI
0x0000000000058000 	/System/Library/PrivateFrameworks/DebugSymbols.framework/Versions/A/DebugSymbols
0x00000001109c0000 	/Library/Java/JavaVirtualMachines/jdk1.8.0_112.jdk/Contents/Home/jre/lib/libdt_socket.dylib

VM Arguments:
jvm_args: -agentlib:jdwp=transport=dt_socket,address=127.0.0.1:53698,suspend=y,server=n -javaagent:/Users/oscardom/Library/Caches/JetBrains/IntelliJIdea2020.2/captureAgent/debugger-agent.jar -Dfile.encoding=UTF-8 
java_command: /Users/oscardom/dev/jwt-java/target/jwt-auth-0.1.0.jar
java_class_path (initial): /Users/oscardom/dev/jwt-java/target/jwt-auth-0.1.0.jar:/Users/oscardom/Library/Caches/JetBrains/IntelliJIdea2020.2/captureAgent/debugger-agent.jar
Launcher Type: SUN_STANDARD

Environment Variables:
JAVA_HOME=/Library/Java/JavaVirtualMachines/jdk1.8.0_112.jdk/Contents/Home
PATH=/Users/oscardom/MarfeelXP/Jinks/bin:/Users/oscardom/MarfeelXP/Jinks/src/com/marfeel/jinks:/Users/oscardom/MarfeelXP/Jinks/src/com/marfeel/boby:/Users/oscardom/MarfeelXP/Jinks/bin:/Users/oscardom/MarfeelXP/Jinks/src/com/marfeel/jinks:/Users/oscardom/MarfeelXP/Jinks/src/com/marfeel/boby:/usr/local/bin:/usr/bin:/bin:/usr/sbin:/sbin
SHELL=/bin/zsh

Signal Handlers:
SIGSEGV: [libjvm.dylib+0x5b11a5], sa_mask[0]=11111111011111110111111111111111, sa_flags=SA_ONSTACK|SA_RESTART|SA_SIGINFO
SIGBUS: [libjvm.dylib+0x5b11a5], sa_mask[0]=11111111011111110111111111111111, sa_flags=SA_RESTART|SA_SIGINFO
SIGFPE: [libjvm.dylib+0x487dc0], sa_mask[0]=11111111011111110111111111111111, sa_flags=SA_RESTART|SA_SIGINFO
SIGPIPE: [libjvm.dylib+0x487dc0], sa_mask[0]=11111111011111110111111111111111, sa_flags=SA_RESTART|SA_SIGINFO
SIGXFSZ: [libjvm.dylib+0x487dc0], sa_mask[0]=11111111011111110111111111111111, sa_flags=SA_RESTART|SA_SIGINFO
SIGILL: [libjvm.dylib+0x487dc0], sa_mask[0]=11111111011111110111111111111111, sa_flags=SA_RESTART|SA_SIGINFO
SIGUSR1: SIG_DFL, sa_mask[0]=00000000000000000000000000000000, sa_flags=none
SIGUSR2: [libjvm.dylib+0x4878de], sa_mask[0]=00100000000000000000000000000000, sa_flags=SA_RESTART|SA_SIGINFO
SIGHUP: [libjvm.dylib+0x485eb5], sa_mask[0]=11111111011111110111111111111111, sa_flags=SA_RESTART|SA_SIGINFO
SIGINT: [libjvm.dylib+0x485eb5], sa_mask[0]=11111111011111110111111111111111, sa_flags=SA_RESTART|SA_SIGINFO
SIGTERM: [libjvm.dylib+0x485eb5], sa_mask[0]=11111111011111110111111111111111, sa_flags=SA_RESTART|SA_SIGINFO
SIGQUIT: [libjvm.dylib+0x485eb5], sa_mask[0]=11111111011111110111111111111111, sa_flags=SA_RESTART|SA_SIGINFO


---------------  S Y S T E M  ---------------

OS:Bsduname:Darwin 20.2.0 Darwin Kernel Version 20.2.0: Wed Dec  2 20:39:59 PST 2020; root:xnu-7195.60.75~1/RELEASE_X86_64 x86_64
rlimit: STACK 8192k, CORE 0k, NPROC 2784, NOFILE 10240, AS infinity
load average:2.67 2.60 2.88

CPU:total 8 (4 cores per cpu, 2 threads per core) family 6 model 142 stepping 10, cmov, cx8, fxsr, mmx, sse, sse2, sse3, ssse3, sse4.1, sse4.2, popcnt, avx, avx2, aes, clmul, erms, 3dnowpref, lzcnt, ht, tsc, tscinvbit, bmi1, bmi2, adx

Memory: 4k page, physical 16777216k(343704k free)

/proc/meminfo:


vm_info: Java HotSpot(TM) 64-Bit Server VM (25.112-b16) for bsd-amd64 JRE (1.8.0_112-b16), built on Sep 30 2016 22:41:41 by "java_re" with gcc 4.2.1 (Based on Apple Inc. build 5658) (LLVM build 2336.11.00)

time: Tue Jan 19 19:32:30 2021
elapsed time: 31 seconds (0d 0h 0m 31s)

